#
# There is insufficient memory for the Java Runtime Environment to continue.
# Native memory allocation (mmap) failed to map 266338304 bytes. Error detail: G1 virtual space
# Possible reasons:
#   The system is out of physical RAM or swap space
#   This process is running with CompressedOops enabled, and the Java Heap may be blocking the growth of the native heap
# Possible solutions:
#   Reduce memory load on the system
#   Increase physical memory or swap space
#   Check if swap backing store is full
#   Decrease Java heap size (-Xmx/-Xms)
#   Decrease number of Java threads
#   Decrease Java thread stack sizes (-Xss)
#   Set larger code cache with -XX:ReservedCodeCacheSize=
#   JVM is running with Zero Based Compressed Oops mode in which the Java heap is
#     placed in the first 32GB address space. The Java Heap base address is the
#     maximum limit for the native heap growth. Please use -XX:HeapBaseMinAddress
#     to set the Java Heap base and to place the Java Heap above 32GB virtual address.
# This output file may be truncated or incomplete.
#
#  Out of Memory Error (os_windows.cpp:3564), pid=25360, tid=22384
#
# JRE version:  (24.0.2+12) (build )
# Java VM: Java HotSpot(TM) 64-Bit Server VM (24.0.2+12-54, mixed mode, sharing, tiered, compressed oops, compressed class ptrs, g1 gc, windows-amd64)
# No core dump will be written. Minidumps are not enabled by default on client versions of Windows
#

---------------  S U M M A R Y ------------

Command Line: -javaagent:C:\Program Files\JetBrains\IntelliJ IDEA 2025.1.4.1\lib\idea_rt.jar=56714 -Dfile.encoding=UTF-8 -Dsun.stdout.encoding=UTF-8 -Dsun.stderr.encoding=UTF-8 Controlador.ControladorMenuPrincipal

Host: AMD Ryzen 5 4600G with Radeon Graphics, 12 cores, 15G,  Windows 11 , 64 bit Build 26100 (10.0.26100.3775)
Time: Sun Sep 28 22:07:17 2025 Hora estándar, América Central elapsed time: 1.066875 seconds (0d 0h 0m 1s)

---------------  T H R E A D  ---------------

Current thread (0x0000016d5bb27e60):  JavaThread "Unknown thread" [_thread_in_vm, id=22384, stack(0x0000002e97000000,0x0000002e97100000) (1024K)]

Stack: [0x0000002e97000000,0x0000002e97100000]
Native frames: (J=compiled Java code, j=interpreted, Vv=VM code, C=native code)
V  [jvm.dll+0x730829]  (no source info available)
V  [jvm.dll+0x8d9da3]  (no source info available)
V  [jvm.dll+0x8dc28d]  (no source info available)
V  [jvm.dll+0x8dc903]  (no source info available)
V  [jvm.dll+0x2a9f56]  (no source info available)
V  [jvm.dll+0x72cd55]  (no source info available)
V  [jvm.dll+0x72066a]  (no source info available)
V  [jvm.dll+0x390b7a]  (no source info available)
V  [jvm.dll+0x398906]  (no source info available)
V  [jvm.dll+0x3850de]  (no source info available)
V  [jvm.dll+0x385398]  (no source info available)
V  [jvm.dll+0x35d10c]  (no source info available)
V  [jvm.dll+0x35ddcd]  (no source info available)
V  [jvm.dll+0x89d50f]  (no source info available)
V  [jvm.dll+0x3f979d]  (no source info available)
V  [jvm.dll+0x885b66]  (no source info available)
V  [jvm.dll+0x495e7e]  (no source info available)
V  [jvm.dll+0x497c51]  (no source info available)
C  [jli.dll+0x52a1]  (no source info available)
C  [ucrtbase.dll+0x37b0]  (no source info available)
C  [KERNEL32.DLL+0x2e8d7]  (no source info available)
C  [ntdll.dll+0xb14fc]  (no source info available)

Lock stack of current Java thread (top to bottom):


---------------  P R O C E S S  ---------------

Threads class SMR info:
_java_thread_list=0x00007ffa1ae0f318, length=0, elements={
}

Java Threads: ( => current thread )
Total: 0

Other Threads:
  0x0000016d5d7743b0 WorkerThread "GC Thread#0"                     [id=11672, stack(0x0000002e97100000,0x0000002e97200000) (1024K)]
  0x0000016d5d78b300 ConcurrentGCThread "G1 Main Marker"            [id=14084, stack(0x0000002e97200000,0x0000002e97300000) (1024K)]
  0x0000016d5d78ccc0 WorkerThread "G1 Conc#0"                       [id=20788, stack(0x0000002e97300000,0x0000002e97400000) (1024K)]

[error occurred during error reporting (printing all threads), id 0xc0000005, EXCEPTION_ACCESS_VIOLATION (0xc0000005) at pc=0x00007ffa1a54138a]
VM state: not at safepoint (not fully initialized)

VM Mutex/Monitor currently owned by a thread:  ([mutex/lock_event])
[0x00007ffa1ae945f0] Heap_lock - owner thread: 0x0000016d5bb27e60

Heap address: 0x0000000702000000, size: 4064 MB, Compressed Oops mode: Zero based, Oop shift amount: 3

CDS archive(s) mapped at: [0x0000000000000000-0x0000000000000000-0x0000000000000000), size 0, SharedBaseAddress: 0x0000000800000000, ArchiveRelocationMode: 1.
UseCompressedClassPointers 1, UseCompactObjectHeaders 0
Narrow klass pointer bits 32, Max shift 3
Narrow klass base: 0xffffffffffffffff, Narrow klass shift: -1
Encoding Range: [0xffffffffffffffff - 0x000000007fffffff), (2147483648 bytes)
Klass Range:    [0x0000000000000000 - 0x0000000000000000), (0 bytes)
Klass ID Range:  [4294967295 - 0) (1)

GC Precious Log:
 CardTable entry size: 512
 Card Set container configuration: InlinePtr #cards 4 size 8 Array Of Cards #cards 16 size 48 Howl #buckets 8 coarsen threshold 3686 Howl Bitmap #cards 512 size 80 coarsen threshold 460 Card regions per heap region 1 cards per card region 4096

Heap:
 garbage-first heap   total reserved 4161536K, committed 0K, used 0K [0x0000000702000000, 0x0000000800000000)
  region size 2048K, 0 young (0K), 0 survivors (0K)

[error occurred during error reporting (printing heap information), id 0xc0000005, EXCEPTION_ACCESS_VIOLATION (0xc0000005) at pc=0x00007ffa1a95e679]
GC Heap History (0 events):
No events

Dll operation events (1 events):
Event: 0.011 Loaded shared library C:\Program Files\Java\jdk-24\bin\java.dll

Deoptimization events (0 events):
No events

Classes loaded (0 events):
No events

Classes unloaded (0 events):
No events

Classes redefined (0 events):
No events

Internal exceptions (0 events):
No events

VM Operations (0 events):
No events

Memory protections (0 events):
No events

Nmethod flushes (0 events):
No events

Events (0 events):
No events


Dynamic libraries:
0x00007ff70d220000 - 0x00007ff70d230000 	C:\Program Files\Java\jdk-24\bin\java.exe
0x00007ffb01020000 - 0x00007ffb01280000 	C:\WINDOWS\SYSTEM32\ntdll.dll
0x00007ffb00940000 - 0x00007ffb00a07000 	C:\WINDOWS\System32\KERNEL32.DLL
0x00007ffafe200000 - 0x00007ffafe5ca000 	C:\WINDOWS\System32\KERNELBASE.dll
0x00007ffafe700000 - 0x00007ffafe84b000 	C:\WINDOWS\System32\ucrtbase.dll
0x00007ffaf6fd0000 - 0x00007ffaf6feb000 	C:\Program Files\Java\jdk-24\bin\VCRUNTIME140.dll
0x00007ffae7b50000 - 0x00007ffae7b66000 	C:\Program Files\Java\jdk-24\bin\jli.dll
0x00007ffaff5d0000 - 0x00007ffaff79c000 	C:\WINDOWS\System32\USER32.dll
0x00007ffafe910000 - 0x00007ffafe937000 	C:\WINDOWS\System32\win32u.dll
0x00007ffaecd70000 - 0x00007ffaed007000 	C:\WINDOWS\WinSxS\amd64_microsoft.windows.common-controls_6595b64144ccf1df_6.0.26100.3624_none_3e086962e3345f24\COMCTL32.dll
0x00007ffaff830000 - 0x00007ffaff85a000 	C:\WINDOWS\System32\GDI32.dll
0x00007ffb00d60000 - 0x00007ffb00e09000 	C:\WINDOWS\System32\msvcrt.dll
0x00007ffafece0000 - 0x00007ffafee11000 	C:\WINDOWS\System32\gdi32full.dll
0x00007ffafeac0000 - 0x00007ffafeb63000 	C:\WINDOWS\System32\msvcp_win.dll
0x00007ffb00d20000 - 0x00007ffb00d4f000 	C:\WINDOWS\System32\IMM32.DLL
0x00007ffafaed0000 - 0x00007ffafaedc000 	C:\Program Files\Java\jdk-24\bin\vcruntime140_1.dll
0x00007ffad4740000 - 0x00007ffad47ce000 	C:\Program Files\Java\jdk-24\bin\msvcp140.dll
0x00007ffa1a1d0000 - 0x00007ffa1af71000 	C:\Program Files\Java\jdk-24\bin\server\jvm.dll
0x00007ffb00e20000 - 0x00007ffb00ed2000 	C:\WINDOWS\System32\ADVAPI32.dll
0x00007ffaff8e0000 - 0x00007ffaff986000 	C:\WINDOWS\System32\sechost.dll
0x00007ffb001a0000 - 0x00007ffb002b6000 	C:\WINDOWS\System32\RPCRT4.dll
0x00007ffb00ca0000 - 0x00007ffb00d14000 	C:\WINDOWS\System32\WS2_32.dll
0x00007ffafe070000 - 0x00007ffafe0ce000 	C:\WINDOWS\SYSTEM32\POWRPROF.dll
0x00007ffaf0d50000 - 0x00007ffaf0d86000 	C:\WINDOWS\SYSTEM32\WINMM.dll
0x00007ffaee710000 - 0x00007ffaee71b000 	C:\WINDOWS\SYSTEM32\VERSION.dll
0x00007ffafe050000 - 0x00007ffafe064000 	C:\WINDOWS\SYSTEM32\UMPDC.dll
0x00007ffafd010000 - 0x00007ffafd02a000 	C:\WINDOWS\SYSTEM32\kernel.appcore.dll
0x00007ffae4350000 - 0x00007ffae435a000 	C:\Program Files\Java\jdk-24\bin\jimage.dll
0x00007ffaf7510000 - 0x00007ffaf7751000 	C:\WINDOWS\SYSTEM32\DBGHELP.DLL
0x00007ffb005b0000 - 0x00007ffb00932000 	C:\WINDOWS\System32\combase.dll
0x00007ffb000c0000 - 0x00007ffb00196000 	C:\WINDOWS\System32\OLEAUT32.dll
0x00007ffa90d40000 - 0x00007ffa90d79000 	C:\WINDOWS\SYSTEM32\dbgcore.DLL
0x00007ffafe660000 - 0x00007ffafe6f9000 	C:\WINDOWS\System32\bcryptPrimitives.dll
0x00007ffae3d20000 - 0x00007ffae3d2f000 	C:\Program Files\Java\jdk-24\bin\instrument.dll
0x00007ffae4330000 - 0x00007ffae434e000 	C:\Program Files\Java\jdk-24\bin\java.dll
0x00007ffafff10000 - 0x00007ffb000a6000 	C:\WINDOWS\System32\ole32.dll
0x00007ffafeea0000 - 0x00007ffaff5c9000 	C:\WINDOWS\System32\SHELL32.dll
0x00007ffafeb70000 - 0x00007ffafecd8000 	C:\WINDOWS\System32\wintypes.dll

JVMTI agents:
C:\Program Files\JetBrains\IntelliJ IDEA 2025.1.4.1\lib\idea_rt.jar path:none, loaded, not initialized, instrumentlib options:56714

dbghelp: loaded successfully - version: 4.0.5 - missing functions: none
symbol engine: initialized successfully - sym options: 0x614 - pdb path: .;C:\Program Files\Java\jdk-24\bin;C:\WINDOWS\SYSTEM32;C:\WINDOWS\WinSxS\amd64_microsoft.windows.common-controls_6595b64144ccf1df_6.0.26100.3624_none_3e086962e3345f24;C:\Program Files\Java\jdk-24\bin\server

VM Arguments:
jvm_args: -javaagent:C:\Program Files\JetBrains\IntelliJ IDEA 2025.1.4.1\lib\idea_rt.jar=56714 -Dfile.encoding=UTF-8 -Dsun.stdout.encoding=UTF-8 -Dsun.stderr.encoding=UTF-8 
java_command: Controlador.ControladorMenuPrincipal
java_class_path (initial): C:\Users\Danny\Documents\Trabajos UNA\Progra #3\Proyecto #1\Proyecto1\target\classes;C:\Users\Danny\.m2\repository\com\oracle\database\jdbc\ojdbc8\19.18.0.0\ojdbc8-19.18.0.0.jar;C:\Users\Danny\.m2\repository\com\oracle\database\jdbc\ucp\19.18.0.0\ucp-19.18.0.0.jar;C:\Users\Danny\.m2\repository\com\oracle\database\security\oraclepki\19.18.0.0\oraclepki-19.18.0.0.jar;C:\Users\Danny\.m2\repository\com\oracle\database\security\osdt_core\19.18.0.0\osdt_core-19.18.0.0.jar;C:\Users\Danny\.m2\repository\com\oracle\database\security\osdt_cert\19.18.0.0\osdt_cert-19.18.0.0.jar;C:\Users\Danny\.m2\repository\com\oracle\database\ha\simplefan\19.18.0.0\simplefan-19.18.0.0.jar;C:\Users\Danny\.m2\repository\com\oracle\database\ha\ons\19.18.0.0\ons-19.18.0.0.jar;C:\Users\Danny\.m2\repository\com\oracle\database\nls\orai18n\19.18.0.0\orai18n-19.18.0.0.jar;C:\Users\Danny\.m2\repository\com\oracle\database\xml\xdb\19.18.0.0\xdb-19.18.0.0.jar;C:\Users\Danny\.m2\repository\com\oracle\database\xml\xmlparserv2\19.18.0.0\xmlparserv2-19.18.0.0.jar
Launcher Type: SUN_STANDARD

[Global flags]
     intx CICompilerCount                          = 4                                         {product} {ergonomic}
     uint ConcGCThreads                            = 3                                         {product} {ergonomic}
     uint G1ConcRefinementThreads                  = 10                                        {product} {ergonomic}
   size_t G1HeapRegionSize                         = 2097152                                   {product} {ergonomic}
   size_t InitialHeapSize                          = 266338304                                 {product} {ergonomic}
   size_t MarkStackSize                            = 4194304                                   {product} {ergonomic}
   size_t MarkStackSizeMax                         = 536870912                                 {product} {ergonomic}
   size_t MaxHeapSize                              = 4261412864                                {product} {ergonomic}
   size_t MinHeapDeltaBytes                        = 2097152                                   {product} {ergonomic}
   size_t MinHeapSize                              = 8388608                                   {product} {ergonomic}
    uintx NonNMethodCodeHeapSize                   = 5832704                                {pd product} {ergonomic}
    uintx NonProfiledCodeHeapSize                  = 122945536                              {pd product} {ergonomic}
    uintx ProfiledCodeHeapSize                     = 122880000                              {pd product} {ergonomic}
    uintx ReservedCodeCacheSize                    = 251658240                              {pd product} {ergonomic}
     bool SegmentedCodeCache                       = true                                      {product} {ergonomic}
   size_t SoftMaxHeapSize                          = 4261412864                             {manageable} {ergonomic}
     bool UseCompressedOops                        = true                           {product lp64_product} {ergonomic}
     bool UseG1GC                                  = true                                      {product} {ergonomic}
     bool UseLargePagesIndividualAllocation        = false                                  {pd product} {ergonomic}

Logging:
Log output configuration:
 #0: stdout all=warning uptime,level,tags foldmultilines=false
 #1: stderr all=off uptime,level,tags foldmultilines=false

Environment Variables:
PATH=C:\oraclexe\app\oracle\product\11.2.0\server\bin;;C:\Program Files\Common Files\Oracle\Java\javapath;C:\Program Files (x86)\Common Files\Oracle\Java\java8path;C:\Program Files (x86)\Common Files\Oracle\Java\javapath;C:\Program Files (x86)\NVIDIA Corporation\PhysX\Common;C:\WINDOWS\system32;C:\WINDOWS;C:\WINDOWS\System32\Wbem;C:\WINDOWS\System32\WindowsPowerShell\v1.0\;C:\WINDOWS\System32\OpenSSH\;C:\Program Files (x86)\Windows Kits\10\Windows Performance Toolkit\;C:\Program Files\Git\cmd;C:\Users\Danny\AppData\Local\Microsoft\WindowsApps;C:\Users\Danny\AppData\Local\Programs\Microsoft VS Code\bin;C:\Users\Danny\AppData\Local\JetBrains\Toolbox\scripts;
USERNAME=Danny
OS=Windows_NT
PROCESSOR_IDENTIFIER=AMD64 Family 23 Model 96 Stepping 1, AuthenticAMD
TMP=C:\Users\Danny\AppData\Local\Temp
TEMP=C:\Users\Danny\AppData\Local\Temp




Periodic native trim disabled

---------------  S Y S T E M  ---------------

OS:
 Windows 11 , 64 bit Build 26100 (10.0.26100.3775)
OS uptime: 0 days 7:28 hours

CPU: total 12 (initial active 12) (12 cores per cpu, 2 threads per core) family 23 model 96 stepping 1 microcode 0x860010d, cx8, cmov, fxsr, ht, mmx, 3dnowpref, sse, sse2, sse3, ssse3, sse4a, sse4.1, sse4.2, popcnt, lzcnt, tsc, tscinvbit, avx, avx2, aes, clmul, bmi1, bmi2, adx, sha, fma, vzeroupper, clflush, clflushopt, rdtscp, rdpid, f16c
Processor Information for the first 12 processors :
  Max Mhz: 3701, Current Mhz: 3701, Mhz Limit: 3701

Memory: 4k page, system-wide physical 16251M (2206M free)
TotalPageFile size 24443M (AvailPageFile size 204M)
current process WorkingSet (physical memory assigned to process): 13M, peak: 13M
current process commit charge ("private bytes"): 65M, peak: 318M

vm_info: Java HotSpot(TM) 64-Bit Server VM (24.0.2+12-54) for windows-amd64 JRE (24.0.2+12-54), built on 2025-07-08T12:10:27Z with MS VC++ 17.6 (VS2022)

END.
