#
# A fatal error has been detected by the Java Runtime Environment:
#
#  EXCEPTION_ACCESS_VIOLATION (0xc0000005) at pc=0x00007ffa8a6d5c78, pid=22120, tid=24396
#
# JRE version: Java(TM) SE Runtime Environment (24.0.2+12) (build 24.0.2+12-54)
# Java VM: Java HotSpot(TM) 64-Bit Server VM (24.0.2+12-54, mixed mode, sharing, tiered, compressed oops, compressed class ptrs, g1 gc, windows-amd64)
# Problematic frame:
# C  [AMDXN64.DLL+0x385c78]
#
# No core dump will be written. Minidumps are not enabled by default on client versions of Windows
#
# If you would like to submit a bug report, please visit:
#   https://bugreport.java.com/bugreport/crash.jsp
# The crash happened outside the Java Virtual Machine in native code.
# See problematic frame for where to report the bug.
#

---------------  S U M M A R Y ------------

Command Line: -javaagent:C:\Program Files\JetBrains\IntelliJ IDEA 2025.1.4.1\lib\idea_rt.jar=56504 -Dfile.encoding=UTF-8 -Dsun.stdout.encoding=UTF-8 -Dsun.stderr.encoding=UTF-8 Controlador.ControladorMenuPrincipal

Host: AMD Ryzen 5 4600G with Radeon Graphics, 12 cores, 15G,  Windows 11 , 64 bit Build 26100 (10.0.26100.3775)
Time: Sun Sep 28 21:57:10 2025 Hora estándar, América Central elapsed time: 1.393813 seconds (0d 0h 0m 1s)

---------------  T H R E A D  ---------------

Current thread (0x0000018006891840):  JavaThread "AWT-Windows" daemon [_thread_in_native, id=24396, stack(0x0000000d4d900000,0x0000000d4da00000) (1024K)]

Stack: [0x0000000d4d900000,0x0000000d4da00000],  sp=0x0000000d4d9f7b20,  free space=990k
Native frames: (J=compiled Java code, j=interpreted, Vv=VM code, C=native code)
C  [AMDXN64.DLL+0x385c78]  (no source info available)
C  [AMDXN64.DLL+0x385ff7]  (no source info available)
C  [AMDXN64.DLL+0x35adf4]  (no source info available)
C  [AMDXN64.DLL+0x36230d]  (no source info available)
C  [AMDXN64.DLL+0x34a482]  (no source info available)
C  [AMDXN64.DLL+0x34d342]  (no source info available)
C  [AMDXN64.DLL+0x347708]  (no source info available)
C  [AMDXN64.DLL+0x828a8]  (no source info available)
C  [AMDXN64.DLL+0x81700]  (no source info available)
C  [AMDXN64.DLL+0x59f09]  (no source info available)
C  [AMDXN64.DLL+0x52916]  (no source info available)
C  [d3d9.dll+0xe371]  (no source info available)
C  [d3d9.dll+0xd565]  (no source info available)
C  [d3d9.dll+0x18dbb]  (no source info available)
C  [d3d9.dll+0xb836]  (no source info available)
C  [d3d9.dll+0xa8ee]  (no source info available)
C  [d3d9.dll+0xff065]  (no source info available)
C  [awt.dll+0x19488]  (no source info available)
C  [awt.dll+0x19931]  (no source info available)
C  [awt.dll+0x1efb2]  (no source info available)
C  [awt.dll+0x1c479]  (no source info available)
C  0x000001807690ce20  (no source info available)

The last pc belongs to native method entry point (kind = native) (printed below).
Java frames: (J=compiled Java code, j=interpreted, Vv=VM code)
j  sun.java2d.d3d.D3DGraphicsDevice.getDeviceCapsNative(I)I+0 java.desktop@24.0.2
j  sun.java2d.d3d.D3DGraphicsDevice$1.run()V+8 java.desktop@24.0.2
v  ~StubRoutines::call_stub 0x0000018076900fcd
j  sun.awt.windows.WToolkit.eventLoop()V+0 java.desktop@24.0.2
j  sun.awt.windows.WToolkit.run()V+56 java.desktop@24.0.2
j  java.lang.Thread.runWith(Ljava/lang/Object;Ljava/lang/Runnable;)V+5 java.base@24.0.2
j  java.lang.Thread.run()V+19 java.base@24.0.2
v  ~StubRoutines::call_stub 0x0000018076900fcd

siginfo: EXCEPTION_ACCESS_VIOLATION (0xc0000005), writing address 0x0000000000000018


Registers:
RAX=0x0000000000004a90, RBX=0x0000018054c36940, RCX=0x0000018054c36958, RDX=0x0000000d4d9f7c10
RSP=0x0000000d4d9f7b20, RBP=0x0000018054c36940, RSI=0x0000000000000000, RDI=0x0000018054d46268
R8 =0x0000000000000000, R9 =0x0000018054d46268, R10=0x0000000000004a68, R11=0x0000000000000001
R12=0x0000000000000000, R13=0x0000000d4d9f8d90, R14=0x0000018054d46268, R15=0x0000000d4d9f9468
RIP=0x00007ffa8a6d5c78, EFLAGS=0x0000000000010202

XMM[0]=0x0000000007060504 0x0302010000000001
XMM[1]=0x0000000000000000 0x0000000000000000
XMM[2]=0x0000000000000000 0x0000000046fffe00
XMM[3]=0x7e0000007e000000 0x7e0000007e000000
XMM[4]=0x7e0000007e000000 0x7e0000007e000000
XMM[5]=0x0302010000000001 0x0000000000000000
XMM[6]=0x0000000000000000 0x0000000000000000
XMM[7]=0x0000000000000000 0x0000000000000000
XMM[8]=0x0000000000000000 0x0000000000000000
XMM[9]=0x0000000000000000 0x0000000000000000
XMM[10]=0x0000000000000000 0x0000000000000000
XMM[11]=0x0000000000000000 0x0000000000000000
XMM[12]=0x0000000000000000 0x0000000000000000
XMM[13]=0x0000000000000000 0x0000000000000000
XMM[14]=0x0000000000000000 0x0000000000000000
XMM[15]=0x0000000000000000 0x0000000000000000
  MXCSR=0x00001fa0


Register to memory mapping:

RAX=0x0000000000004a90 is an unknown value
RBX=0x0000018054c36940 points into unknown readable memory: 0x00007ffa8c6b17b8 | b8 17 6b 8c fa 7f 00 00
RCX=0x0000018054c36958 points into unknown readable memory: 0x0000000000000000 | 00 00 00 00 00 00 00 00
RDX=0x0000000d4d9f7c10 is pointing into the stack for thread: 0x0000018006891840
RSP=0x0000000d4d9f7b20 is pointing into the stack for thread: 0x0000018006891840
RBP=0x0000018054c36940 points into unknown readable memory: 0x00007ffa8c6b17b8 | b8 17 6b 8c fa 7f 00 00
RSI=0x0 is null
RDI=0x0000018054d46268 points into unknown readable memory: 0x00007ffa8c6b1078 | 78 10 6b 8c fa 7f 00 00
R8 =0x0 is null
R9 =0x0000018054d46268 points into unknown readable memory: 0x00007ffa8c6b1078 | 78 10 6b 8c fa 7f 00 00
R10=0x0000000000004a68 is an unknown value
R11=0x0000000000000001 is an unknown value
R12=0x0 is null
R13=0x0000000d4d9f8d90 is pointing into the stack for thread: 0x0000018006891840
R14=0x0000018054d46268 points into unknown readable memory: 0x00007ffa8c6b1078 | 78 10 6b 8c fa 7f 00 00
R15=0x0000000d4d9f9468 is pointing into the stack for thread: 0x0000018006891840

Top of Stack: (sp=0x0000000d4d9f7b20)
0x0000000d4d9f7b20:   0000000000000000 0000000000000000   ................
0x0000000d4d9f7b30:   0000000000000000 0000000000000000   ................
0x0000000d4d9f7b40:   0000000000000000 0000000000000000   ................
0x0000000d4d9f7b50:   0000000000000000 0000000000000000   ................
0x0000000d4d9f7b60:   0000000000000000 0000000000000000   ................
0x0000000d4d9f7b70:   0000000000000000 0000000000000000   ................
0x0000000d4d9f7b80:   0000000000000000 0000000000000000   ................
0x0000000d4d9f7b90:   0000000d4d9f9468 0000018054d46268   h..M....hb.T....
0x0000000d4d9f7ba0:   0000000000000000 0000018054c36940   ........@i.T....
0x0000000d4d9f7bb0:   0000000000000000 00007ffa8a6d5ff7   ........._m.....
0x0000000d4d9f7bc0:   000001804c791eb0 0000000000000000   ..yL............
0x0000000d4d9f7bd0:   0000000d4d9f9468 0000018054d46268   h..M....hb.T....
0x0000000d4d9f7be0:   0000000000004a68 0000000000000000   hJ..............
0x0000000d4d9f7bf0:   000001804c791eb0 0000000d00000003   ..yL............
0x0000000d4d9f7c00:   0000000000000000 00007ffa8a6aadf4   ..........j.....
0x0000000d4d9f7c10:   0000018000000000 0000018054d46c98   .........l.T....
0x0000000d4d9f7c20:   0000000d4d9f7d10 0000000d4d9f8e80   .}.M.......M....
0x0000000d4d9f7c30:   0000018000000003 0000018054c60530   ........0..T....
0x0000000d4d9f7c40:   0000000d4d9f8e18 0000000000000000   ...M............
0x0000000d4d9f7c50:   0000002900000000 0000000d4d9f8f80   ....)......M....
0x0000000d4d9f7c60:   3e10734c7f469759 1cdf31a0b9925525   Y.F.Ls.>%U...1..
0x0000000d4d9f7c70:   0000000000000029 0000020800000000   )...............
0x0000000d4d9f7c80:   0000018064621740 0000000000000000   @.bd............
0x0000000d4d9f7c90:   00000180646202bc 0000000000000000   ..bd............
0x0000000d4d9f7ca0:   0000000000000000 0000000000000070   ........p.......
0x0000000d4d9f7cb0:   0000000d00000052 0000018064620cc0   R.........bd....
0x0000000d4d9f7cc0:   0000020800000052 0000000000000000   R...............
0x0000000d4d9f7cd0:   0000000000000000 0000000000000000   ................
0x0000000d4d9f7ce0:   0000000000000070 00000180647e0000   p.........~d....
0x0000000d4d9f7cf0:   0000000000000007 0000000000000080   ................
0x0000000d4d9f7d00:   000000000000005c 00007ffb01027b74   \.......t{......
0x0000000d4d9f7d10:   0000018064620000 00007ffa00000000   ..bd............

Instructions: (pc=0x00007ffa8a6d5c78)
  0x00007ffa8a6d5b78:   cc cc cc cc cc cc cc cc 40 55 48 83 ec 20 8b 42
  0x00007ffa8a6d5b88:   28 48 8b ea 48 89 74 24 38 41 0f b6 f0 4c 89 74
  0x00007ffa8a6d5b98:   24 48 4c 8b f1 83 f8 01 75 7e 48 89 5c 24 30 48
  0x00007ffa8a6d5ba8:   89 7c 24 40 48 8d b9 b0 03 00 00 49 8d 4e 18 40
  0x00007ffa8a6d5bb8:   84 f6 74 08 ff 15 fe b8 9f 00 eb 06 ff 15 e6 b8
  0x00007ffa8a6d5bc8:   9f 00 48 8b cf ff 15 f5 ba 9f 00 48 85 ff 74 16
  0x00007ffa8a6d5bd8:   49 8d 8e d8 03 00 00 41 b8 f4 01 00 00 48 8b d7
  0x00007ffa8a6d5be8:   ff 15 52 b6 9f 00 48 8b cf ff 15 b9 ba 9f 00 49
  0x00007ffa8a6d5bf8:   8d 4e 18 40 84 f6 74 08 ff 15 c2 b8 9f 00 eb 06
  0x00007ffa8a6d5c08:   ff 15 aa b8 9f 00 8b 45 28 83 f8 01 74 9d 48 8b
  0x00007ffa8a6d5c18:   7c 24 40 48 8b 5c 24 30 4c 8b 74 24 48 48 8b 74
  0x00007ffa8a6d5c28:   24 38 83 f8 02 74 10 85 c0 75 0c c7 45 28 01 00
  0x00007ffa8a6d5c38:   00 00 b8 01 00 00 00 48 83 c4 20 5d c3 cc cc cc
  0x00007ffa8a6d5c48:   cc cc cc cc cc cc cc cc 4c 89 4c 24 20 53 55 56
  0x00007ffa8a6d5c58:   57 41 57 48 83 ec 70 48 8b 84 24 c0 00 00 00 48
  0x00007ffa8a6d5c68:   8b d9 48 83 c0 28 c7 02 00 00 00 00 48 83 c1 18
=>0x00007ffa8a6d5c78:   49 89 40 18 49 8b f0 4c 8b fa ff 15 30 b8 9f 00
  0x00007ffa8a6d5c88:   48 8b 56 18 48 8b cb e8 bc 09 00 00 48 89 46 30
  0x00007ffa8a6d5c98:   48 83 bb e0 03 00 00 00 48 8b 83 20 01 00 00 48
  0x00007ffa8a6d5ca8:   89 44 24 30 74 12 48 83 bb e8 03 00 00 00 c6 84
  0x00007ffa8a6d5cb8:   24 a0 00 00 00 01 75 08 c6 84 24 a0 00 00 00 00
  0x00007ffa8a6d5cc8:   48 8b 83 e8 03 00 00 48 8d 4b 18 48 89 84 24 b0
  0x00007ffa8a6d5cd8:   00 00 00 ff 15 cf b7 9f 00 48 83 7e 30 00 75 15
  0x00007ffa8a6d5ce8:   41 c7 07 fc ff ff ff 49 8b c7 48 83 c4 70 41 5f
  0x00007ffa8a6d5cf8:   5f 5e 5d 5b c3 48 8b ac 24 c8 00 00 00 4c 89 64
  0x00007ffa8a6d5d08:   24 68 4c 89 6c 24 60 4c 89 74 24 58 4c 8d b3 78
  0x00007ffa8a6d5d18:   03 00 00 49 ff 06 4c 8b 6e 30 48 85 ed 75 28 48
  0x00007ffa8a6d5d28:   8b 8c 24 b8 00 00 00 4c 8d 8c 24 c0 00 00 00 4d
  0x00007ffa8a6d5d38:   8d 45 28 48 8d 94 24 a8 00 00 00 e8 48 91 00 00
  0x00007ffa8a6d5d48:   8b 08 41 89 0f eb 14 4c 8b 84 24 c0 00 00 00 49
  0x00007ffa8a6d5d58:   8d 4d 28 48 8b d5 e8 6d 24 9e 00 4c 8b 84 24 c0
  0x00007ffa8a6d5d68:   00 00 00 49 8d 55 28 e8 3c 06 00 00 4c 8b 64 24


Stack slot to memory mapping:

stack at sp + 0 slots: 0x0 is null
stack at sp + 1 slots: 0x0 is null
stack at sp + 2 slots: 0x0 is null
stack at sp + 3 slots: 0x0 is null
stack at sp + 4 slots: 0x0 is null
stack at sp + 5 slots: 0x0 is null
stack at sp + 6 slots: 0x0 is null
stack at sp + 7 slots: 0x0 is null

Lock stack of current Java thread (top to bottom):

native method entry point (kind = native)  [0x000001807690ca40, 0x000001807690d478]  2616 bytes
[MachCode]
  0x000001807690ca40: 488b 4b08 | 0fb7 492e | 584c 8d74 | ccf8 6800 | 0000 0068 | 0000 0000 | 5055 488b | ec41 5568 
  0x000001807690ca60: 0000 0000 | 4c8b 6b08 | 4d8d 6d38 | 5348 8b53 | 0848 8b52 | 0848 8b52 | 1848 8b52 | 7048 8b12 
  0x000001807690ca80: 5248 8b53 | 1048 85d2 | 0f84 0700 | 0000 4881 | c208 0100 | 0052 488b | 5308 488b | 5208 488b 
  0x000001807690caa0: 5210 5249 | 8bc6 482b | c548 c1e8 | 0350 6800 | 0000 0068 | f7ff ffff | 41c6 8771 | 0400 0001 
  0x000001807690cac0: 488b 4310 | 4885 c074 | 208b 88cc | 0000 0083 | c102 8988 | cc00 0000 | 2388 e000 | 0000 0f84 
  0x000001807690cae0: e408 0000 | e9cd 0000 | 0048 8b43 | 1848 85c0 | 0f85 b000 | 0000 e805 | 0000 00e9 | 9900 0000 
  0x000001807690cb00: 488b d348 | 8d44 2408 | 4c89 6dc0 | 498b cfc5 | f877 4989 | afb8 0300 | 0049 8987 | a803 0000 
  0x000001807690cb20: 4883 ec20 | 40f6 c40f | 0f84 1900 | 0000 4883 | ec08 48b8 | a02f 87bf | fa7f 0000 | ffd0 4883 
  0x000001807690cb40: c408 e90c | 0000 0048 | b8a0 2f87 | bffa 7f00 | 00ff d048 | 83c4 2049 | c787 a803 | 0000 0000 
  0x000001807690cb60: 0000 49c7 | 87b8 0300 | 0000 0000 | 0049 c787 | b003 0000 | 0000 0000 | c5f8 7749 | 837f 0800 
  0x000001807690cb80: 0f84 0500 | 0000 e935 | 43ff ff4c | 8b6d c04c | 8b75 c84e | 8d74 f500 | c348 8b43 | 1848 85c0 
  0x000001807690cba0: 0f84 1000 | 0000 8b08 | 83c1 0289 | 0823 4814 | 0f84 1208 | 0000 493b | a7f0 0400 | 000f 8748 
  0x000001807690cbc0: 0000 0089 | 8424 00f0 | ffff 8984 | 2400 e0ff | ff89 8424 | 00d0 ffff | 8984 2400 | c0ff ff89 
  0x000001807690cbe0: 8424 00b0 | ffff 8984 | 2400 a0ff | ff89 8424 | 0090 ffff | 8984 2400 | 80ff ff49 | 3ba7 e804 
  0x000001807690cc00: 0000 7607 | 4989 a7f0 | 0400 0041 | c687 7104 | 0000 0048 | 8b5d e84c | 8b5b 0845 | 0fb7 5b2e 
  0x000001807690cc20: 41c1 e303 | 492b e348 | 83ec 2048 | 83e4 f04c | 8b5b 604d | 85db 0f85 | ab00 0000 | e805 0000 
  0x000001807690cc40: 00e9 9900 | 0000 488b | d348 8d44 | 2408 4c89 | 6dc0 498b | cfc5 f877 | 4989 afb8 | 0300 0049 
  0x000001807690cc60: 8987 a803 | 0000 4883 | ec20 40f6 | c40f 0f84 | 1900 0000 | 4883 ec08 | 48b8 e059 | 87bf fa7f 
  0x000001807690cc80: 0000 ffd0 | 4883 c408 | e90c 0000 | 0048 b8e0 | 5987 bffa | 7f00 00ff | d048 83c4 | 2049 c787 
  0x000001807690cca0: a803 0000 | 0000 0000 | 49c7 87b8 | 0300 0000 | 0000 0049 | c787 b003 | 0000 0000 | 0000 c5f8 
  0x000001807690ccc0: 7749 837f | 0800 0f84 | 0500 0000 | e9ef 41ff | ff4c 8b6d | c04c 8b75 | c84e 8d74 | f500 c348 
  0x000001807690cce0: 8b5d e84c | 8b5b 6041 | ffd3 488b | 5de8 4889 | 4518 448b | 5b28 41f6 | c308 0f84 | 1b00 0000 
  0x000001807690cd00: 4c8b 5b08 | 4d8b 5b08 | 4d8b 5b18 | 4d8b 5b70 | 4d8b 1b4c | 895d 1048 | 8d55 1048 | 8b43 5849 
  0x000001807690cd20: baf0 72c0 | bffa 7f00 | 0049 3bc2 | 0f85 ab00 | 0000 e805 | 0000 00e9 | 9900 0000 | 488b d348 
  0x000001807690cd40: 8d44 2408 | 4c89 6dc0 | 498b cfc5 | f877 4989 | afb8 0300 | 0049 8987 | a803 0000 | 4883 ec20 
  0x000001807690cd60: 40f6 c40f | 0f84 1900 | 0000 4883 | ec08 48b8 | e059 87bf | fa7f 0000 | ffd0 4883 | c408 e90c 
  0x000001807690cd80: 0000 0048 | b8e0 5987 | bffa 7f00 | 00ff d048 | 83c4 2049 | c787 a803 | 0000 0000 | 0000 49c7 
  0x000001807690cda0: 87b8 0300 | 0000 0000 | 0049 c787 | b003 0000 | 0000 0000 | c5f8 7749 | 837f 0800 | 0f84 0500 
  0x000001807690cdc0: 0000 e9f9 | 40ff ff4c | 8b6d c04c | 8b75 c84e | 8d74 f500 | c348 8b5d | e848 8b43 | 5849 8d8f 
  0x000001807690cde0: c803 0000 | 4c8d 15d5 | 0000 004d | 8997 b003 | 0000 c5f8 | 7749 89af | b803 0000 | 4989 a7a8 
  0x000001807690ce00: 0300 0041 | c787 5404 | 0000 0400 | 0000 493b | a748 0500 | 0076 0749 | 89a7 4805 | 0000 ffd0 
  0x000001807690ce20: 493b a748 | 0500 0072 | 0b49 c787 | 4805 0000 | 0000 0000 | c5f8 7748 | 83ec 10c5 | fb11 0424 
  0x000001807690ce40: 4883 ec10 | 4889 0424 | 48c7 4424 | 0800 0000 | 0041 c787 | 5404 0000 | 0500 0000 | f083 4424 
  0x000001807690ce60: c000 493b | 6f28 0f87 | 0e00 0000 | 4183 bf50 | 0400 0000 | 0f84 2000 | 0000 498b | cf4c 8be4 
  0x000001807690ce80: 4883 ec20 | 4883 e4f0 | 48b8 10b9 | 88bf fa7f | 0000 ffd0 | 498b e44d | 33e4 41c7 | 8754 0400 
  0x000001807690cea0: 0008 0000 | 004d 8b97 | 7005 0000 | 4983 fa00 | 7435 49c7 | 8770 0500 | 0000 0000 | 0041 ffe2 
  0x000001807690cec0: 49ba 00bb | 9076 8001 | 0000 41ff | d248 83ec | 10c5 fb11 | 0424 4883 | ec10 4889 | 0424 48c7 
  0x000001807690cee0: 4424 0800 | 0000 0049 | c787 a803 | 0000 0000 | 0000 49c7 | 87b8 0300 | 0000 0000 | 0049 c787 
  0x000001807690cf00: b003 0000 | 0000 0000 | c5f8 774d | 8b9f 3804 | 0000 41c7 | 8300 0100 | 0000 0000 | 0049 bb3a 
  0x000001807690cf20: a490 7680 | 0100 004c | 3b5d 180f | 8555 0100 | 0048 8b04 | 2448 83c4 | 1048 85c0 | 0f84 2f01 
  0x000001807690cf40: 0000 a803 | 0f85 0800 | 0000 488b | 00e9 1f01 | 0000 a801 | 0f85 0900 | 0000 488b | 40fe e90e 
  0x000001807690cf60: 0100 0048 | 8b40 ff41 | 807f 4800 | 0f84 ff00 | 0000 4883 | f800 0f84 | f500 0000 | 4d8b 5f38 
  0x000001807690cf80: 4d85 db0f | 8414 0000 | 0049 83eb | 084d 895f | 384d 035f | 4049 8903 | e9d4 0000 | 0048 83ec 
  0x000001807690cfa0: 7048 8904 | 2448 894c | 2408 4889 | 5424 104c | 8944 2418 | 4c89 4c24 | 204c 8954 | 2428 4c89 
  0x000001807690cfc0: 5c24 30c5 | fb11 4424 | 40c5 fb11 | 4c24 48c5 | fb11 5424 | 50c5 fb11 | 5c24 58c5 | fb11 6424 
  0x000001807690cfe0: 60c5 fb11 | 6c24 6849 | 8bd7 488b | c848 83ec | 2040 f6c4 | 0f0f 8419 | 0000 0048 | 83ec 0848 
  0x000001807690d000: b850 497b | bffa 7f00 | 00ff d048 | 83c4 08e9 | 0c00 0000 | 48b8 5049 | 7bbf fa7f | 0000 ffd0 
  0x000001807690d020: 4883 c420 | c5fb 106c | 2468 c5fb | 1064 2460 | c5fb 105c | 2458 c5fb | 1054 2450 | c5fb 104c 
  0x000001807690d040: 2448 c5fb | 1044 2440 | 4c8b 5c24 | 304c 8b54 | 2428 4c8b | 4c24 204c | 8b44 2418 | 488b 5424 
  0x000001807690d060: 1048 8b4c | 2408 488b | 0424 4883 | c470 c5f8 | 7748 8945 | 1048 83ec | 1048 8904 | 2448 c744 
  0x000001807690d080: 2408 0000 | 0000 4183 | bfd0 0400 | 0002 0f85 | bf00 0000 | 4881 ec80 | 0000 0048 | 8944 2478 
  0x000001807690d0a0: 4889 4c24 | 7048 8954 | 2468 4889 | 5c24 6048 | 896c 2450 | 4889 7424 | 4848 897c | 2440 4c89 
  0x000001807690d0c0: 4424 384c | 894c 2430 | 4c89 5424 | 284c 895c | 2420 4c89 | 6424 184c | 896c 2410 | 4c89 7424 
  0x000001807690d0e0: 084c 893c | 244c 8be4 | 4883 ec20 | 4883 e4f0 | 48b8 8059 | c0bf fa7f | 0000 ffd0 | 498b e44c 
  0x000001807690d100: 8b3c 244c | 8b74 2408 | 4c8b 6c24 | 104c 8b64 | 2418 4c8b | 5c24 204c | 8b54 2428 | 4c8b 4c24 
  0x000001807690d120: 304c 8b44 | 2438 488b | 7c24 4048 | 8b74 2448 | 488b 6c24 | 5048 8b5c | 2460 488b | 5424 6848 
  0x000001807690d140: 8b4c 2470 | 488b 4424 | 7848 81c4 | 8000 0000 | 4d33 e448 | 8b5d e84c | 8b6b 084d | 8d6d 3849 
  0x000001807690d160: 837f 0800 | 0f84 bb00 | 0000 e805 | 0000 00e9 | 9600 0000 | 488d 4424 | 084c 896d | c049 8bcf 
  0x000001807690d180: c5f8 7749 | 89af b803 | 0000 4989 | 87a8 0300 | 0048 83ec | 2040 f6c4 | 0f0f 8419 | 0000 0048 
  0x000001807690d1a0: 83ec 0848 | b880 7887 | bffa 7f00 | 00ff d048 | 83c4 08e9 | 0c00 0000 | 48b8 8078 | 87bf fa7f 
  0x000001807690d1c0: 0000 ffd0 | 4883 c420 | 49c7 87a8 | 0300 0000 | 0000 0049 | c787 b803 | 0000 0000 | 0000 49c7 
  0x000001807690d1e0: 87b0 0300 | 0000 0000 | 00c5 f877 | 4983 7f08 | 000f 8405 | 0000 00e9 | c43c ffff | 4c8b 6dc0 
  0x000001807690d200: 4c8b 75c8 | 4e8d 74f5 | 00c3 48b9 | 08ec e6bf | fa7f 0000 | 4883 e4f0 | 48b8 00a9 | adbf fa7f 
  0x000001807690d220: 0000 ffd0 | f444 8b5b | 2841 f6c3 | 200f 8472 | 0100 0048 | 8d55 a84c | 8b5a 084d | 85db 0f85 
  0x000001807690d240: bb00 0000 | e805 0000 | 00e9 9600 | 0000 488d | 4424 084c | 896d c049 | 8bcf c5f8 | 7749 89af 
  0x000001807690d260: b803 0000 | 4989 87a8 | 0300 0048 | 83ec 2040 | f6c4 0f0f | 8419 0000 | 0048 83ec | 0848 b8b0 
  0x000001807690d280: 7787 bffa | 7f00 00ff | d048 83c4 | 08e9 0c00 | 0000 48b8 | b077 87bf | fa7f 0000 | ffd0 4883 
  0x000001807690d2a0: c420 49c7 | 87a8 0300 | 0000 0000 | 0049 c787 | b803 0000 | 0000 0000 | 49c7 87b0 | 0300 0000 
  0x000001807690d2c0: 0000 00c5 | f877 4983 | 7f08 000f | 8405 0000 | 00e9 ea3b | ffff 4c8b | 6dc0 4c8b | 75c8 4e8d 
  0x000001807690d2e0: 74f5 00c3 | 48b9 08ec | e6bf fa7f | 0000 4883 | e4f0 48b8 | 00a9 adbf | fa7f 0000 | ffd0 f44c 
  0x000001807690d300: 896d c04c | 8b4a 0848 | c742 0800 | 0000 0045 | 8b87 5806 | 0000 4f3b | 4c07 f80f | 8542 0000 
  0x000001807690d320: 0041 83af | 5806 0000 | 084f 3b4c | 07f0 0f84 | 2a00 0000 | 498b 01a8 | 020f 8512 | 0000 004c 
  0x000001807690d340: 8bc0 4983 | c801 f04d | 0fb1 010f | 840d 0000 | 0041 8387 | 5806 0000 | 08e9 0500 | 0000 e93e 
  0x000001807690d360: 0000 004c | 894a 0848 | 8bca 4883 | ec20 40f6 | c40f 0f84 | 1900 0000 | 4883 ec08 | 48b8 d049 
  0x000001807690d380: 87bf fa7f | 0000 ffd0 | 4883 c408 | e90c 0000 | 0048 b8d0 | 4987 bffa | 7f00 00ff | d048 83c4 
  0x000001807690d3a0: 204c 8b6d | c048 8b04 | 2448 83c4 | 10c5 fb10 | 0424 4883 | c410 4c8b | 5d18 41ff | d34c 8b5d 
  0x000001807690d3c0: f8c9 5f49 | 8be3 ffe7 | ba00 0000 | 00e8 0500 | 0000 e996 | 0000 0048 | 8d44 2408 | 4c89 6dc0 
  0x000001807690d3e0: 498b cfc5 | f877 4989 | afb8 0300 | 0049 8987 | a803 0000 | 4883 ec20 | 40f6 c40f | 0f84 1900 
  0x000001807690d400: 0000 4883 | ec08 48b8 | 703e 87bf | fa7f 0000 | ffd0 4883 | c408 e90c | 0000 0048 | b870 3e87 
  0x000001807690d420: bffa 7f00 | 00ff d048 | 83c4 2049 | c787 a803 | 0000 0000 | 0000 49c7 | 87b8 0300 | 0000 0000 
  0x000001807690d440: 0049 c787 | b003 0000 | 0000 0000 | c5f8 7749 | 837f 0800 | 0f84 0500 | 0000 e961 | 3aff ff4c 
  0x000001807690d460: 8b6d c04c | 8b75 c84e | 8d74 f500 | c348 8b5d | e8e9 40f7 | ffff 6690 
[/MachCode]

---------------  P R O C E S S  ---------------

Threads class SMR info:
_java_thread_list=0x0000018054f19320, length=22, elements={
0x00000180066ac230, 0x00000180066acb70, 0x00000180066afea0, 0x00000180066b0e50,
0x00000180066b3990, 0x00000180066bc600, 0x00000180066d0a60, 0x00000180066d6d90,
0x0000018006891f90, 0x00000180068926e0, 0x0000018006892e30, 0x0000018006893580,
0x0000018006893cd0, 0x0000018006891840, 0x0000018006894420, 0x00000180068910f0,
0x00000180066d5e70, 0x00000180066d38a0, 0x0000018054e30920, 0x0000018054e2f330,
0x0000018054e31070, 0x0000018054e2ebe0
}

Java Threads: ( => current thread )
  0x00000180066ac230 JavaThread "Reference Handler"          daemon [_thread_blocked, id=24212, stack(0x0000000d4cb00000,0x0000000d4cc00000) (1024K)]
  0x00000180066acb70 JavaThread "Finalizer"                  daemon [_thread_blocked, id=25412, stack(0x0000000d4cc00000,0x0000000d4cd00000) (1024K)]
  0x00000180066afea0 JavaThread "Signal Dispatcher"          daemon [_thread_blocked, id=2824, stack(0x0000000d4cd00000,0x0000000d4ce00000) (1024K)]
  0x00000180066b0e50 JavaThread "Attach Listener"            daemon [_thread_blocked, id=19316, stack(0x0000000d4ce00000,0x0000000d4cf00000) (1024K)]
  0x00000180066b3990 JavaThread "Service Thread"             daemon [_thread_blocked, id=21832, stack(0x0000000d4cf00000,0x0000000d4d000000) (1024K)]
  0x00000180066bc600 JavaThread "Monitor Deflation Thread"   daemon [_thread_blocked, id=10904, stack(0x0000000d4d000000,0x0000000d4d100000) (1024K)]
  0x00000180066d0a60 JavaThread "C2 CompilerThread0"         daemon [_thread_blocked, id=20376, stack(0x0000000d4d100000,0x0000000d4d200000) (1024K)]
  0x00000180066d6d90 JavaThread "C1 CompilerThread0"         daemon [_thread_blocked, id=10944, stack(0x0000000d4d200000,0x0000000d4d300000) (1024K)]
  0x0000018006891f90 JavaThread "Common-Cleaner"             daemon [_thread_blocked, id=8708, stack(0x0000000d4d300000,0x0000000d4d400000) (1024K)]
  0x00000180068926e0 JavaThread "Monitor Ctrl-Break"         daemon [_thread_in_native, id=9016, stack(0x0000000d4d500000,0x0000000d4d600000) (1024K)]
  0x0000018006892e30 JavaThread "Notification Thread"        daemon [_thread_blocked, id=14084, stack(0x0000000d4d600000,0x0000000d4d700000) (1024K)]
  0x0000018006893580 JavaThread "Java2D Disposer"            daemon [_thread_blocked, id=25532, stack(0x0000000d4d700000,0x0000000d4d800000) (1024K)]
  0x0000018006893cd0 JavaThread "AWT-Shutdown"                      [_thread_blocked, id=25348, stack(0x0000000d4d800000,0x0000000d4d900000) (1024K)]
=>0x0000018006891840 JavaThread "AWT-Windows"                daemon [_thread_in_native, id=24396, stack(0x0000000d4d900000,0x0000000d4da00000) (1024K)]
  0x0000018006894420 JavaThread "AWT-EventQueue-0"                  [_thread_in_native, id=19588, stack(0x0000000d4da00000,0x0000000d4db00000) (1024K)]
  0x00000180068910f0 JavaThread "DestroyJavaVM"                     [_thread_blocked, id=14020, stack(0x0000000d4c300000,0x0000000d4c400000) (1024K)]
  0x00000180066d5e70 JavaThread "C2 CompilerThread1"         daemon [_thread_blocked, id=14504, stack(0x0000000d4d400000,0x0000000d4d500000) (1024K)]
  0x00000180066d38a0 JavaThread "C2 CompilerThread2"         daemon [_thread_blocked, id=8004, stack(0x0000000d4e500000,0x0000000d4e600000) (1024K)]
  0x0000018054e30920 JavaThread "RMI TCP Accept-0"           daemon [_thread_in_native, id=22952, stack(0x0000000d4e600000,0x0000000d4e700000) (1024K)]
  0x0000018054e2f330 JavaThread "RMI TCP Connection(1)-192.168.50.226" daemon [_thread_in_native, id=22888, stack(0x0000000d4e700000,0x0000000d4e800000) (1024K)]
  0x0000018054e31070 JavaThread "RMI Scheduler(0)"           daemon [_thread_blocked, id=17188, stack(0x0000000d4e800000,0x0000000d4e900000) (1024K)]
  0x0000018054e2ebe0 JavaThread "JMX server connection timeout 38" daemon [_thread_blocked, id=15572, stack(0x0000000d4e900000,0x0000000d4ea00000) (1024K)]
Total: 22

Other Threads:
  0x000001800669c5d0 VMThread "VM Thread"                           [id=8704, stack(0x0000000d4ca00000,0x0000000d4cb00000) (1024K)]
  0x0000018006688e40 WatcherThread "VM Periodic Task Thread"        [id=19028, stack(0x0000000d4c900000,0x0000000d4ca00000) (1024K)]
  0x0000018066b91890 WorkerThread "GC Thread#0"                     [id=24436, stack(0x0000000d4c400000,0x0000000d4c500000) (1024K)]
  0x0000018066ba79f0 ConcurrentGCThread "G1 Main Marker"            [id=23456, stack(0x0000000d4c500000,0x0000000d4c600000) (1024K)]
  0x0000018066ba9070 WorkerThread "G1 Conc#0"                       [id=24540, stack(0x0000000d4c600000,0x0000000d4c700000) (1024K)]
  0x000001800654a250 ConcurrentGCThread "G1 Refine#0"               [id=21508, stack(0x0000000d4c700000,0x0000000d4c800000) (1024K)]
  0x000001800654bc80 ConcurrentGCThread "G1 Service"                [id=8628, stack(0x0000000d4c800000,0x0000000d4c900000) (1024K)]
Total: 7

Threads with active compile tasks:
Total: 0

VM state: not at safepoint (normal execution)

VM Mutex/Monitor currently owned by a thread: None

Heap address: 0x0000000702000000, size: 4064 MB, Compressed Oops mode: Zero based, Oop shift amount: 3

CDS archive(s) mapped at: [0x0000018007000000-0x0000018007d40000-0x0000018007d40000), size 13893632, SharedBaseAddress: 0x0000018007000000, ArchiveRelocationMode: 1.
Compressed class space mapped at: 0x0000018008000000-0x0000018048000000, reserved size: 1073741824
UseCompressedClassPointers 1, UseCompactObjectHeaders 0
Narrow klass pointer bits 32, Max shift 3
Narrow klass base: 0x0000018007000000, Narrow klass shift: 0
Encoding Range: [0x0000018007000000 - 0x0000018107000000), (4294967296 bytes)
Klass Range:    [0x0000018007000000 - 0x0000018048000000), (1090519040 bytes)
Klass ID Range:  [8 - 1090519033) (1090519025)

GC Precious Log:
 CardTable entry size: 512
 Card Set container configuration: InlinePtr #cards 4 size 8 Array Of Cards #cards 16 size 48 Howl #buckets 8 coarsen threshold 3686 Howl Bitmap #cards 512 size 80 coarsen threshold 460 Card regions per heap region 1 cards per card region 4096
 CPUs: 12 total, 12 available
 Memory: 16251M
 Large Page Support: Disabled
 NUMA Support: Disabled
 Compressed Oops: Enabled (Zero based)
 Heap Region Size: 2M
 Heap Min Capacity: 8M
 Heap Initial Capacity: 254M
 Heap Max Capacity: 4064M
 Pre-touch: Disabled
 Parallel Workers: 10
 Concurrent Workers: 3
 Concurrent Refinement Workers: 10
 Periodic GC: Disabled

Heap:
 garbage-first heap   total reserved 4161536K, committed 262144K, used 21620K [0x0000000702000000, 0x0000000800000000)
  region size 2048K, 11 young (22528K), 0 survivors (0K)
 Metaspace       used 8360K, committed 8576K, reserved 1114112K
  class space    used 710K, committed 832K, reserved 1048576K

Heap Regions: E=young(eden), S=young(survivor), O=old, HS=humongous(starts), HC=humongous(continues), CS=collection set, F=free, TAMS=top-at-mark-start, PB=parsable bottom
|   0|0x0000000702000000, 0x0000000702000000, 0x0000000702200000|  0%| F|  |TAMS 0x0000000702000000| PB 0x0000000702000000| Untracked |  0
|   1|0x0000000702200000, 0x0000000702200000, 0x0000000702400000|  0%| F|  |TAMS 0x0000000702200000| PB 0x0000000702200000| Untracked |  0
|   2|0x0000000702400000, 0x0000000702400000, 0x0000000702600000|  0%| F|  |TAMS 0x0000000702400000| PB 0x0000000702400000| Untracked |  0
|   3|0x0000000702600000, 0x0000000702600000, 0x0000000702800000|  0%| F|  |TAMS 0x0000000702600000| PB 0x0000000702600000| Untracked |  0
|   4|0x0000000702800000, 0x0000000702800000, 0x0000000702a00000|  0%| F|  |TAMS 0x0000000702800000| PB 0x0000000702800000| Untracked |  0
|   5|0x0000000702a00000, 0x0000000702a00000, 0x0000000702c00000|  0%| F|  |TAMS 0x0000000702a00000| PB 0x0000000702a00000| Untracked |  0
|   6|0x0000000702c00000, 0x0000000702c00000, 0x0000000702e00000|  0%| F|  |TAMS 0x0000000702c00000| PB 0x0000000702c00000| Untracked |  0
|   7|0x0000000702e00000, 0x0000000702e00000, 0x0000000703000000|  0%| F|  |TAMS 0x0000000702e00000| PB 0x0000000702e00000| Untracked |  0
|   8|0x0000000703000000, 0x0000000703000000, 0x0000000703200000|  0%| F|  |TAMS 0x0000000703000000| PB 0x0000000703000000| Untracked |  0
|   9|0x0000000703200000, 0x0000000703200000, 0x0000000703400000|  0%| F|  |TAMS 0x0000000703200000| PB 0x0000000703200000| Untracked |  0
|  10|0x0000000703400000, 0x0000000703400000, 0x0000000703600000|  0%| F|  |TAMS 0x0000000703400000| PB 0x0000000703400000| Untracked |  0
|  11|0x0000000703600000, 0x0000000703600000, 0x0000000703800000|  0%| F|  |TAMS 0x0000000703600000| PB 0x0000000703600000| Untracked |  0
|  12|0x0000000703800000, 0x0000000703800000, 0x0000000703a00000|  0%| F|  |TAMS 0x0000000703800000| PB 0x0000000703800000| Untracked |  0
|  13|0x0000000703a00000, 0x0000000703a00000, 0x0000000703c00000|  0%| F|  |TAMS 0x0000000703a00000| PB 0x0000000703a00000| Untracked |  0
|  14|0x0000000703c00000, 0x0000000703c00000, 0x0000000703e00000|  0%| F|  |TAMS 0x0000000703c00000| PB 0x0000000703c00000| Untracked |  0
|  15|0x0000000703e00000, 0x0000000703e00000, 0x0000000704000000|  0%| F|  |TAMS 0x0000000703e00000| PB 0x0000000703e00000| Untracked |  0
|  16|0x0000000704000000, 0x0000000704000000, 0x0000000704200000|  0%| F|  |TAMS 0x0000000704000000| PB 0x0000000704000000| Untracked |  0
|  17|0x0000000704200000, 0x0000000704200000, 0x0000000704400000|  0%| F|  |TAMS 0x0000000704200000| PB 0x0000000704200000| Untracked |  0
|  18|0x0000000704400000, 0x0000000704400000, 0x0000000704600000|  0%| F|  |TAMS 0x0000000704400000| PB 0x0000000704400000| Untracked |  0
|  19|0x0000000704600000, 0x0000000704600000, 0x0000000704800000|  0%| F|  |TAMS 0x0000000704600000| PB 0x0000000704600000| Untracked |  0
|  20|0x0000000704800000, 0x0000000704800000, 0x0000000704a00000|  0%| F|  |TAMS 0x0000000704800000| PB 0x0000000704800000| Untracked |  0
|  21|0x0000000704a00000, 0x0000000704a00000, 0x0000000704c00000|  0%| F|  |TAMS 0x0000000704a00000| PB 0x0000000704a00000| Untracked |  0
|  22|0x0000000704c00000, 0x0000000704c00000, 0x0000000704e00000|  0%| F|  |TAMS 0x0000000704c00000| PB 0x0000000704c00000| Untracked |  0
|  23|0x0000000704e00000, 0x0000000704e00000, 0x0000000705000000|  0%| F|  |TAMS 0x0000000704e00000| PB 0x0000000704e00000| Untracked |  0
|  24|0x0000000705000000, 0x0000000705000000, 0x0000000705200000|  0%| F|  |TAMS 0x0000000705000000| PB 0x0000000705000000| Untracked |  0
|  25|0x0000000705200000, 0x0000000705200000, 0x0000000705400000|  0%| F|  |TAMS 0x0000000705200000| PB 0x0000000705200000| Untracked |  0
|  26|0x0000000705400000, 0x0000000705400000, 0x0000000705600000|  0%| F|  |TAMS 0x0000000705400000| PB 0x0000000705400000| Untracked |  0
|  27|0x0000000705600000, 0x0000000705600000, 0x0000000705800000|  0%| F|  |TAMS 0x0000000705600000| PB 0x0000000705600000| Untracked |  0
|  28|0x0000000705800000, 0x0000000705800000, 0x0000000705a00000|  0%| F|  |TAMS 0x0000000705800000| PB 0x0000000705800000| Untracked |  0
|  29|0x0000000705a00000, 0x0000000705a00000, 0x0000000705c00000|  0%| F|  |TAMS 0x0000000705a00000| PB 0x0000000705a00000| Untracked |  0
|  30|0x0000000705c00000, 0x0000000705c00000, 0x0000000705e00000|  0%| F|  |TAMS 0x0000000705c00000| PB 0x0000000705c00000| Untracked |  0
|  31|0x0000000705e00000, 0x0000000705e00000, 0x0000000706000000|  0%| F|  |TAMS 0x0000000705e00000| PB 0x0000000705e00000| Untracked |  0
|  32|0x0000000706000000, 0x0000000706000000, 0x0000000706200000|  0%| F|  |TAMS 0x0000000706000000| PB 0x0000000706000000| Untracked |  0
|  33|0x0000000706200000, 0x0000000706200000, 0x0000000706400000|  0%| F|  |TAMS 0x0000000706200000| PB 0x0000000706200000| Untracked |  0
|  34|0x0000000706400000, 0x0000000706400000, 0x0000000706600000|  0%| F|  |TAMS 0x0000000706400000| PB 0x0000000706400000| Untracked |  0
|  35|0x0000000706600000, 0x0000000706600000, 0x0000000706800000|  0%| F|  |TAMS 0x0000000706600000| PB 0x0000000706600000| Untracked |  0
|  36|0x0000000706800000, 0x0000000706800000, 0x0000000706a00000|  0%| F|  |TAMS 0x0000000706800000| PB 0x0000000706800000| Untracked |  0
|  37|0x0000000706a00000, 0x0000000706a00000, 0x0000000706c00000|  0%| F|  |TAMS 0x0000000706a00000| PB 0x0000000706a00000| Untracked |  0
|  38|0x0000000706c00000, 0x0000000706c00000, 0x0000000706e00000|  0%| F|  |TAMS 0x0000000706c00000| PB 0x0000000706c00000| Untracked |  0
|  39|0x0000000706e00000, 0x0000000706e00000, 0x0000000707000000|  0%| F|  |TAMS 0x0000000706e00000| PB 0x0000000706e00000| Untracked |  0
|  40|0x0000000707000000, 0x0000000707000000, 0x0000000707200000|  0%| F|  |TAMS 0x0000000707000000| PB 0x0000000707000000| Untracked |  0
|  41|0x0000000707200000, 0x0000000707200000, 0x0000000707400000|  0%| F|  |TAMS 0x0000000707200000| PB 0x0000000707200000| Untracked |  0
|  42|0x0000000707400000, 0x0000000707400000, 0x0000000707600000|  0%| F|  |TAMS 0x0000000707400000| PB 0x0000000707400000| Untracked |  0
|  43|0x0000000707600000, 0x0000000707600000, 0x0000000707800000|  0%| F|  |TAMS 0x0000000707600000| PB 0x0000000707600000| Untracked |  0
|  44|0x0000000707800000, 0x0000000707800000, 0x0000000707a00000|  0%| F|  |TAMS 0x0000000707800000| PB 0x0000000707800000| Untracked |  0
|  45|0x0000000707a00000, 0x0000000707a00000, 0x0000000707c00000|  0%| F|  |TAMS 0x0000000707a00000| PB 0x0000000707a00000| Untracked |  0
|  46|0x0000000707c00000, 0x0000000707c00000, 0x0000000707e00000|  0%| F|  |TAMS 0x0000000707c00000| PB 0x0000000707c00000| Untracked |  0
|  47|0x0000000707e00000, 0x0000000707e00000, 0x0000000708000000|  0%| F|  |TAMS 0x0000000707e00000| PB 0x0000000707e00000| Untracked |  0
|  48|0x0000000708000000, 0x0000000708000000, 0x0000000708200000|  0%| F|  |TAMS 0x0000000708000000| PB 0x0000000708000000| Untracked |  0
|  49|0x0000000708200000, 0x0000000708200000, 0x0000000708400000|  0%| F|  |TAMS 0x0000000708200000| PB 0x0000000708200000| Untracked |  0
|  50|0x0000000708400000, 0x0000000708400000, 0x0000000708600000|  0%| F|  |TAMS 0x0000000708400000| PB 0x0000000708400000| Untracked |  0
|  51|0x0000000708600000, 0x0000000708600000, 0x0000000708800000|  0%| F|  |TAMS 0x0000000708600000| PB 0x0000000708600000| Untracked |  0
|  52|0x0000000708800000, 0x0000000708800000, 0x0000000708a00000|  0%| F|  |TAMS 0x0000000708800000| PB 0x0000000708800000| Untracked |  0
|  53|0x0000000708a00000, 0x0000000708a00000, 0x0000000708c00000|  0%| F|  |TAMS 0x0000000708a00000| PB 0x0000000708a00000| Untracked |  0
|  54|0x0000000708c00000, 0x0000000708c00000, 0x0000000708e00000|  0%| F|  |TAMS 0x0000000708c00000| PB 0x0000000708c00000| Untracked |  0
|  55|0x0000000708e00000, 0x0000000708e00000, 0x0000000709000000|  0%| F|  |TAMS 0x0000000708e00000| PB 0x0000000708e00000| Untracked |  0
|  56|0x0000000709000000, 0x0000000709000000, 0x0000000709200000|  0%| F|  |TAMS 0x0000000709000000| PB 0x0000000709000000| Untracked |  0
|  57|0x0000000709200000, 0x0000000709200000, 0x0000000709400000|  0%| F|  |TAMS 0x0000000709200000| PB 0x0000000709200000| Untracked |  0
|  58|0x0000000709400000, 0x0000000709400000, 0x0000000709600000|  0%| F|  |TAMS 0x0000000709400000| PB 0x0000000709400000| Untracked |  0
|  59|0x0000000709600000, 0x0000000709600000, 0x0000000709800000|  0%| F|  |TAMS 0x0000000709600000| PB 0x0000000709600000| Untracked |  0
|  60|0x0000000709800000, 0x0000000709800000, 0x0000000709a00000|  0%| F|  |TAMS 0x0000000709800000| PB 0x0000000709800000| Untracked |  0
|  61|0x0000000709a00000, 0x0000000709a00000, 0x0000000709c00000|  0%| F|  |TAMS 0x0000000709a00000| PB 0x0000000709a00000| Untracked |  0
|  62|0x0000000709c00000, 0x0000000709c00000, 0x0000000709e00000|  0%| F|  |TAMS 0x0000000709c00000| PB 0x0000000709c00000| Untracked |  0
|  63|0x0000000709e00000, 0x0000000709e00000, 0x000000070a000000|  0%| F|  |TAMS 0x0000000709e00000| PB 0x0000000709e00000| Untracked |  0
|  64|0x000000070a000000, 0x000000070a000000, 0x000000070a200000|  0%| F|  |TAMS 0x000000070a000000| PB 0x000000070a000000| Untracked |  0
|  65|0x000000070a200000, 0x000000070a200000, 0x000000070a400000|  0%| F|  |TAMS 0x000000070a200000| PB 0x000000070a200000| Untracked |  0
|  66|0x000000070a400000, 0x000000070a400000, 0x000000070a600000|  0%| F|  |TAMS 0x000000070a400000| PB 0x000000070a400000| Untracked |  0
|  67|0x000000070a600000, 0x000000070a600000, 0x000000070a800000|  0%| F|  |TAMS 0x000000070a600000| PB 0x000000070a600000| Untracked |  0
|  68|0x000000070a800000, 0x000000070a800000, 0x000000070aa00000|  0%| F|  |TAMS 0x000000070a800000| PB 0x000000070a800000| Untracked |  0
|  69|0x000000070aa00000, 0x000000070aa00000, 0x000000070ac00000|  0%| F|  |TAMS 0x000000070aa00000| PB 0x000000070aa00000| Untracked |  0
|  70|0x000000070ac00000, 0x000000070ac00000, 0x000000070ae00000|  0%| F|  |TAMS 0x000000070ac00000| PB 0x000000070ac00000| Untracked |  0
|  71|0x000000070ae00000, 0x000000070ae00000, 0x000000070b000000|  0%| F|  |TAMS 0x000000070ae00000| PB 0x000000070ae00000| Untracked |  0
|  72|0x000000070b000000, 0x000000070b000000, 0x000000070b200000|  0%| F|  |TAMS 0x000000070b000000| PB 0x000000070b000000| Untracked |  0
|  73|0x000000070b200000, 0x000000070b200000, 0x000000070b400000|  0%| F|  |TAMS 0x000000070b200000| PB 0x000000070b200000| Untracked |  0
|  74|0x000000070b400000, 0x000000070b400000, 0x000000070b600000|  0%| F|  |TAMS 0x000000070b400000| PB 0x000000070b400000| Untracked |  0
|  75|0x000000070b600000, 0x000000070b600000, 0x000000070b800000|  0%| F|  |TAMS 0x000000070b600000| PB 0x000000070b600000| Untracked |  0
|  76|0x000000070b800000, 0x000000070b800000, 0x000000070ba00000|  0%| F|  |TAMS 0x000000070b800000| PB 0x000000070b800000| Untracked |  0
|  77|0x000000070ba00000, 0x000000070ba00000, 0x000000070bc00000|  0%| F|  |TAMS 0x000000070ba00000| PB 0x000000070ba00000| Untracked |  0
|  78|0x000000070bc00000, 0x000000070bc00000, 0x000000070be00000|  0%| F|  |TAMS 0x000000070bc00000| PB 0x000000070bc00000| Untracked |  0
|  79|0x000000070be00000, 0x000000070be00000, 0x000000070c000000|  0%| F|  |TAMS 0x000000070be00000| PB 0x000000070be00000| Untracked |  0
|  80|0x000000070c000000, 0x000000070c000000, 0x000000070c200000|  0%| F|  |TAMS 0x000000070c000000| PB 0x000000070c000000| Untracked |  0
|  81|0x000000070c200000, 0x000000070c200000, 0x000000070c400000|  0%| F|  |TAMS 0x000000070c200000| PB 0x000000070c200000| Untracked |  0
|  82|0x000000070c400000, 0x000000070c400000, 0x000000070c600000|  0%| F|  |TAMS 0x000000070c400000| PB 0x000000070c400000| Untracked |  0
|  83|0x000000070c600000, 0x000000070c600000, 0x000000070c800000|  0%| F|  |TAMS 0x000000070c600000| PB 0x000000070c600000| Untracked |  0
|  84|0x000000070c800000, 0x000000070c800000, 0x000000070ca00000|  0%| F|  |TAMS 0x000000070c800000| PB 0x000000070c800000| Untracked |  0
|  85|0x000000070ca00000, 0x000000070ca00000, 0x000000070cc00000|  0%| F|  |TAMS 0x000000070ca00000| PB 0x000000070ca00000| Untracked |  0
|  86|0x000000070cc00000, 0x000000070cc00000, 0x000000070ce00000|  0%| F|  |TAMS 0x000000070cc00000| PB 0x000000070cc00000| Untracked |  0
|  87|0x000000070ce00000, 0x000000070ce00000, 0x000000070d000000|  0%| F|  |TAMS 0x000000070ce00000| PB 0x000000070ce00000| Untracked |  0
|  88|0x000000070d000000, 0x000000070d000000, 0x000000070d200000|  0%| F|  |TAMS 0x000000070d000000| PB 0x000000070d000000| Untracked |  0
|  89|0x000000070d200000, 0x000000070d200000, 0x000000070d400000|  0%| F|  |TAMS 0x000000070d200000| PB 0x000000070d200000| Untracked |  0
|  90|0x000000070d400000, 0x000000070d400000, 0x000000070d600000|  0%| F|  |TAMS 0x000000070d400000| PB 0x000000070d400000| Untracked |  0
|  91|0x000000070d600000, 0x000000070d600000, 0x000000070d800000|  0%| F|  |TAMS 0x000000070d600000| PB 0x000000070d600000| Untracked |  0
|  92|0x000000070d800000, 0x000000070d800000, 0x000000070da00000|  0%| F|  |TAMS 0x000000070d800000| PB 0x000000070d800000| Untracked |  0
|  93|0x000000070da00000, 0x000000070da00000, 0x000000070dc00000|  0%| F|  |TAMS 0x000000070da00000| PB 0x000000070da00000| Untracked |  0
|  94|0x000000070dc00000, 0x000000070dc00000, 0x000000070de00000|  0%| F|  |TAMS 0x000000070dc00000| PB 0x000000070dc00000| Untracked |  0
|  95|0x000000070de00000, 0x000000070de00000, 0x000000070e000000|  0%| F|  |TAMS 0x000000070de00000| PB 0x000000070de00000| Untracked |  0
|  96|0x000000070e000000, 0x000000070e000000, 0x000000070e200000|  0%| F|  |TAMS 0x000000070e000000| PB 0x000000070e000000| Untracked |  0
|  97|0x000000070e200000, 0x000000070e200000, 0x000000070e400000|  0%| F|  |TAMS 0x000000070e200000| PB 0x000000070e200000| Untracked |  0
|  98|0x000000070e400000, 0x000000070e400000, 0x000000070e600000|  0%| F|  |TAMS 0x000000070e400000| PB 0x000000070e400000| Untracked |  0
|  99|0x000000070e600000, 0x000000070e600000, 0x000000070e800000|  0%| F|  |TAMS 0x000000070e600000| PB 0x000000070e600000| Untracked |  0
| 100|0x000000070e800000, 0x000000070e800000, 0x000000070ea00000|  0%| F|  |TAMS 0x000000070e800000| PB 0x000000070e800000| Untracked |  0
| 101|0x000000070ea00000, 0x000000070ea00000, 0x000000070ec00000|  0%| F|  |TAMS 0x000000070ea00000| PB 0x000000070ea00000| Untracked |  0
| 102|0x000000070ec00000, 0x000000070ec00000, 0x000000070ee00000|  0%| F|  |TAMS 0x000000070ec00000| PB 0x000000070ec00000| Untracked |  0
| 103|0x000000070ee00000, 0x000000070ee00000, 0x000000070f000000|  0%| F|  |TAMS 0x000000070ee00000| PB 0x000000070ee00000| Untracked |  0
| 104|0x000000070f000000, 0x000000070f000000, 0x000000070f200000|  0%| F|  |TAMS 0x000000070f000000| PB 0x000000070f000000| Untracked |  0
| 105|0x000000070f200000, 0x000000070f200000, 0x000000070f400000|  0%| F|  |TAMS 0x000000070f200000| PB 0x000000070f200000| Untracked |  0
| 106|0x000000070f400000, 0x000000070f400000, 0x000000070f600000|  0%| F|  |TAMS 0x000000070f400000| PB 0x000000070f400000| Untracked |  0
| 107|0x000000070f600000, 0x000000070f600000, 0x000000070f800000|  0%| F|  |TAMS 0x000000070f600000| PB 0x000000070f600000| Untracked |  0
| 108|0x000000070f800000, 0x000000070f800000, 0x000000070fa00000|  0%| F|  |TAMS 0x000000070f800000| PB 0x000000070f800000| Untracked |  0
| 109|0x000000070fa00000, 0x000000070fa00000, 0x000000070fc00000|  0%| F|  |TAMS 0x000000070fa00000| PB 0x000000070fa00000| Untracked |  0
| 110|0x000000070fc00000, 0x000000070fc00000, 0x000000070fe00000|  0%| F|  |TAMS 0x000000070fc00000| PB 0x000000070fc00000| Untracked |  0
| 111|0x000000070fe00000, 0x000000070fe00000, 0x0000000710000000|  0%| F|  |TAMS 0x000000070fe00000| PB 0x000000070fe00000| Untracked |  0
| 112|0x0000000710000000, 0x0000000710000000, 0x0000000710200000|  0%| F|  |TAMS 0x0000000710000000| PB 0x0000000710000000| Untracked |  0
| 113|0x0000000710200000, 0x0000000710200000, 0x0000000710400000|  0%| F|  |TAMS 0x0000000710200000| PB 0x0000000710200000| Untracked |  0
| 114|0x0000000710400000, 0x0000000710400000, 0x0000000710600000|  0%| F|  |TAMS 0x0000000710400000| PB 0x0000000710400000| Untracked |  0
| 115|0x0000000710600000, 0x0000000710600000, 0x0000000710800000|  0%| F|  |TAMS 0x0000000710600000| PB 0x0000000710600000| Untracked |  0
| 116|0x0000000710800000, 0x00000007109ef878, 0x0000000710a00000| 96%| E|  |TAMS 0x0000000710800000| PB 0x0000000710800000| Complete |  0
| 117|0x0000000710a00000, 0x0000000710c00000, 0x0000000710c00000|100%| E|CS|TAMS 0x0000000710a00000| PB 0x0000000710a00000| Complete |  0
| 118|0x0000000710c00000, 0x0000000710e00000, 0x0000000710e00000|100%| E|CS|TAMS 0x0000000710c00000| PB 0x0000000710c00000| Complete |  0
| 119|0x0000000710e00000, 0x0000000711000000, 0x0000000711000000|100%| E|CS|TAMS 0x0000000710e00000| PB 0x0000000710e00000| Complete |  0
| 120|0x0000000711000000, 0x0000000711200000, 0x0000000711200000|100%| E|CS|TAMS 0x0000000711000000| PB 0x0000000711000000| Complete |  0
| 121|0x0000000711200000, 0x0000000711400000, 0x0000000711400000|100%| E|CS|TAMS 0x0000000711200000| PB 0x0000000711200000| Complete |  0
| 122|0x0000000711400000, 0x0000000711600000, 0x0000000711600000|100%| E|CS|TAMS 0x0000000711400000| PB 0x0000000711400000| Complete |  0
| 123|0x0000000711600000, 0x0000000711800000, 0x0000000711800000|100%| E|CS|TAMS 0x0000000711600000| PB 0x0000000711600000| Complete |  0
| 124|0x0000000711800000, 0x0000000711a00000, 0x0000000711a00000|100%| E|CS|TAMS 0x0000000711800000| PB 0x0000000711800000| Complete |  0
| 125|0x0000000711a00000, 0x0000000711c00000, 0x0000000711c00000|100%| E|CS|TAMS 0x0000000711a00000| PB 0x0000000711a00000| Complete |  0
| 126|0x0000000711c00000, 0x0000000711e00000, 0x0000000711e00000|100%| E|CS|TAMS 0x0000000711c00000| PB 0x0000000711c00000| Complete |  0
|2031|0x00000007ffe00000, 0x00000007fff1d248, 0x0000000800000000| 55%| O|  |TAMS 0x00000007ffe00000| PB 0x00000007ffe00000| Untracked |  0

Card table byte_map: [0x000001807f220000,0x000001807fa10000] _byte_map_base: 0x000001807ba10000

Marking Bits: (CMBitMap*) 0x0000018066b91fa0
 Bits: [0x0000018000000000, 0x0000018003f80000)

Polling page: 0x0000018066250000

Metaspace:

Usage:
  Non-class:      7.47 MB used.
      Class:    710.05 KB used.
       Both:      8.16 MB used.

Virtual space:
  Non-class space:       64.00 MB reserved,       7.56 MB ( 12%) committed,  1 nodes.
      Class space:        1.00 GB reserved,     832.00 KB ( <1%) committed,  1 nodes.
             Both:        1.06 GB reserved,       8.38 MB ( <1%) committed. 

Chunk freelists:
   Non-Class:  8.40 MB
       Class:  15.20 MB
        Both:  23.61 MB

MaxMetaspaceSize: unlimited
CompressedClassSpaceSize: 1.00 GB
Initial GC threshold: 21.00 MB
Current GC threshold: 21.00 MB
CDS: on
 - commit_granule_bytes: 65536.
 - commit_granule_words: 8192.
 - virtual_space_node_default_size: 8388608.
 - enlarge_chunks_in_place: 1.
UseCompressedClassPointers 1, UseCompactObjectHeaders 0
Narrow klass pointer bits 32, Max shift 3
Narrow klass base: 0x0000018007000000, Narrow klass shift: 0
Encoding Range: [0x0000018007000000 - 0x0000018107000000), (4294967296 bytes)
Klass Range:    [0x0000018007000000 - 0x0000018048000000), (1090519040 bytes)
Klass ID Range:  [8 - 1090519033) (1090519025)


Internal statistics:

num_allocs_failed_limit: 0.
num_arena_births: 170.
num_arena_deaths: 0.
num_vsnodes_births: 2.
num_vsnodes_deaths: 0.
num_space_committed: 134.
num_space_uncommitted: 0.
num_chunks_returned_to_freelist: 0.
num_chunks_taken_from_freelist: 200.
num_chunk_merges: 0.
num_chunk_splits: 133.
num_chunks_enlarged: 76.
num_inconsistent_stats: 0.

CodeHeap 'non-profiled nmethods': size=120064Kb used=381Kb max_used=381Kb free=119682Kb
 bounds [0x0000018076e90000, 0x0000018077100000, 0x000001807e3d0000]
CodeHeap 'profiled nmethods': size=120000Kb used=1780Kb max_used=1780Kb free=118219Kb
 bounds [0x000001806f3d0000, 0x000001806f640000, 0x0000018076900000]
CodeHeap 'non-nmethods': size=5696Kb used=1382Kb max_used=1421Kb free=4313Kb
 bounds [0x0000018076900000, 0x0000018076b70000, 0x0000018076e90000]
CodeCache: size=245760Kb, used=3543Kb, max_used=3582Kb, free=242214Kb
 total_blobs=1827, nmethods=1272, adapters=461, full_count=0
Compilation: enabled, stopped_count=0, restarted_count=0

Compilation events (20 events):
Event: 1.388 Thread 0x00000180066d6d90 nmethod 938 0x000001806f503c88 code [0x000001806f503e00, 0x000001806f5043d0]
Event: 1.388 Thread 0x00000180066d6d90  940       3       jdk.jfr.internal.jfc.model.XmlElement::validate (13 bytes)
Event: 1.388 Thread 0x00000180066d6d90 nmethod 940 0x000001806f504408 code [0x000001806f504540, 0x000001806f504820]
Event: 1.388 Thread 0x00000180066d6d90  933       3       java.util.ImmutableCollections$ListN::get (7 bytes)
Event: 1.388 Thread 0x00000180066d6d90 nmethod 933 0x000001806f504888 code [0x000001806f5049a0, 0x000001806f504ad8]
Event: 1.388 Thread 0x00000180066d6d90  937       3       jdk.jfr.internal.jfc.model.XmlSetting::attributes (6 bytes)
Event: 1.388 Thread 0x00000180066d6d90 nmethod 937 0x000001806f504b88 code [0x000001806f504ce0, 0x000001806f5051d8]
Event: 1.388 Thread 0x00000180066d6d90  945       3       jdk.jfr.internal.jfc.model.XmlElement::elements (64 bytes)
Event: 1.388 Thread 0x00000180066d6d90 nmethod 945 0x000001806f505288 code [0x000001806f505460, 0x000001806f5060e0]
Event: 1.388 Thread 0x00000180066d6d90  946       3       java.util.Optional::isPresent (13 bytes)
Event: 1.388 Thread 0x00000180066d6d90 nmethod 946 0x000001806f506188 code [0x000001806f5062a0, 0x000001806f506400]
Event: 1.388 Thread 0x00000180066d6d90  939       3       java.util.List::of (4 bytes)
Event: 1.389 Thread 0x00000180066d6d90 nmethod 939 0x000001806f506488 code [0x000001806f5065a0, 0x000001806f506690]
Event: 1.389 Thread 0x00000180066d6d90  947       3       jdk.jfr.internal.jfc.model.XmlElement::optional (17 bytes)
Event: 1.389 Thread 0x00000180066d6d90 nmethod 947 0x000001806f506788 code [0x000001806f5068e0, 0x000001806f506db0]
Event: 1.389 Thread 0x00000180066d6d90  944       3       jdk.jfr.internal.jfc.model.XmlElement::constraints (4 bytes)
Event: 1.389 Thread 0x00000180066d6d90 nmethod 944 0x000001806f506e08 code [0x000001806f506f20, 0x000001806f507088]
Event: 1.389 Thread 0x00000180066d6d90  935       3       java.lang.invoke.Invokers::maybeCustomize (5 bytes)
Event: 1.389 Thread 0x00000180066d6d90 nmethod 935 0x000001806f507108 code [0x000001806f507220, 0x000001806f5073c8]
Event: 1.389 Thread 0x00000180066d6d90  936       3       java.lang.invoke.MethodHandle::maybeCustomize (38 bytes)

GC Heap History (0 events):
No events

Dll operation events (12 events):
Event: 0.010 Loaded shared library C:\Program Files\Java\jdk-24\bin\java.dll
Event: 0.033 Loaded shared library C:\Program Files\Java\jdk-24\bin\jsvml.dll
Event: 0.073 Loaded shared library C:\Program Files\Java\jdk-24\bin\zip.dll
Event: 0.075 Loaded shared library C:\Program Files\Java\jdk-24\bin\instrument.dll
Event: 0.080 Loaded shared library C:\Program Files\Java\jdk-24\bin\net.dll
Event: 0.081 Loaded shared library C:\Program Files\Java\jdk-24\bin\nio.dll
Event: 0.090 Loaded shared library C:\Program Files\Java\jdk-24\bin\zip.dll
Event: 0.126 Loaded shared library C:\Program Files\Java\jdk-24\bin\extnet.dll
Event: 0.126 Loaded shared library C:\Program Files\Java\jdk-24\bin\jimage.dll
Event: 0.130 Loaded shared library C:\Program Files\Java\jdk-24\bin\awt.dll
Event: 0.228 Loaded shared library C:\Program Files\Java\jdk-24\bin\management.dll
Event: 0.234 Loaded shared library C:\Program Files\Java\jdk-24\bin\management_ext.dll

Deoptimization events (20 events):
Event: 0.237 Thread 0x00000180066b0e50 Uncommon trap: trap_request=0xffffff4d fr.pc=0x0000018076eb76e4 relative=0x00000000000008a4
Event: 0.237 Thread 0x00000180066b0e50 Uncommon trap: reason=unstable_if action=reinterpret pc=0x0000018076eb76e4 method=java.util.HashMap.putVal(ILjava/lang/Object;Ljava/lang/Object;ZZ)Ljava/lang/Object; @ 181 c2
Event: 0.237 Thread 0x00000180066b0e50 DEOPT PACKING pc=0x0000018076eb76e4 sp=0x0000000d4cefe270
Event: 0.237 Thread 0x00000180066b0e50 DEOPT UNPACKING pc=0x0000018076a15882 sp=0x0000000d4cefe200 mode 2
Event: 1.377 Thread 0x00000180066b0e50 Uncommon trap: trap_request=0xffffff4d fr.pc=0x0000018076ecda48 relative=0x0000000000000048
Event: 1.377 Thread 0x00000180066b0e50 Uncommon trap: reason=unstable_if action=reinterpret pc=0x0000018076ecda48 method=java.lang.CharacterDataLatin1.equalsIgnoreCase(BB)Z @ 2 c2
Event: 1.377 Thread 0x00000180066b0e50 DEOPT PACKING pc=0x0000018076ecda48 sp=0x0000000d4cefd290
Event: 1.377 Thread 0x00000180066b0e50 DEOPT UNPACKING pc=0x0000018076a15882 sp=0x0000000d4cefd210 mode 2
Event: 1.382 Thread 0x00000180066b0e50 Uncommon trap: trap_request=0xffffff4d fr.pc=0x0000018076ecd0d4 relative=0x00000000000000b4
Event: 1.382 Thread 0x00000180066b0e50 Uncommon trap: reason=unstable_if action=reinterpret pc=0x0000018076ecd0d4 method=jdk.internal.util.xml.impl.Parser.bappend(CC)V @ 1 c2
Event: 1.382 Thread 0x00000180066b0e50 DEOPT PACKING pc=0x0000018076ecd0d4 sp=0x0000000d4cefd3d0
Event: 1.382 Thread 0x00000180066b0e50 DEOPT UNPACKING pc=0x0000018076a15882 sp=0x0000000d4cefd358 mode 2
Event: 1.382 Thread 0x00000180066b0e50 Uncommon trap: trap_request=0xffffff4d fr.pc=0x0000018076ecc1e0 relative=0x0000000000000060
Event: 1.382 Thread 0x00000180066b0e50 Uncommon trap: reason=unstable_if action=reinterpret pc=0x0000018076ecc1e0 method=jdk.internal.util.xml.impl.Parser.ensureCapacity(I)V @ 40 c2
Event: 1.382 Thread 0x00000180066b0e50 DEOPT PACKING pc=0x0000018076ecc1e0 sp=0x0000000d4cefd3d0
Event: 1.382 Thread 0x00000180066b0e50 DEOPT UNPACKING pc=0x0000018076a15882 sp=0x0000000d4cefd348 mode 2
Event: 1.386 Thread 0x00000180066b0e50 DEOPT PACKING pc=0x000001806f4a5e19 sp=0x0000000d4cefd1d0
Event: 1.386 Thread 0x00000180066b0e50 DEOPT UNPACKING pc=0x0000018076955722 sp=0x0000000d4cefc670 mode 0
Event: 1.387 Thread 0x00000180066b0e50 DEOPT PACKING pc=0x000001806f4a5e19 sp=0x0000000d4cefd070
Event: 1.387 Thread 0x00000180066b0e50 DEOPT UNPACKING pc=0x0000018076955722 sp=0x0000000d4cefc510 mode 0

Classes loaded (20 events):
Event: 1.377 Loading class jdk/jfr/internal/jfc/model/XmlInput done
Event: 1.377 Loading class jdk/jfr/internal/jfc/model/XmlText done
Event: 1.377 Loading class jdk/jfr/internal/jfc/model/XmlSelection
Event: 1.377 Loading class jdk/jfr/internal/jfc/model/XmlSelection done
Event: 1.377 Loading class jdk/jfr/internal/jfc/model/XmlFlag
Event: 1.377 Loading class jdk/jfr/internal/jfc/model/XmlFlag done
Event: 1.377 Loading class jdk/jfr/internal/jfc/model/XmlOption
Event: 1.377 Loading class jdk/jfr/internal/jfc/model/XmlOption done
Event: 1.377 Loading class jdk/jfr/internal/jfc/model/XmlOr
Event: 1.377 Loading class jdk/jfr/internal/jfc/model/XmlOr done
Event: 1.378 Loading class jdk/jfr/internal/jfc/model/XmlAnd
Event: 1.378 Loading class jdk/jfr/internal/jfc/model/XmlAnd done
Event: 1.378 Loading class jdk/jfr/internal/jfc/model/XmlTest
Event: 1.378 Loading class jdk/jfr/internal/jfc/model/XmlTest done
Event: 1.378 Loading class jdk/jfr/internal/jfc/model/XmlNot
Event: 1.378 Loading class jdk/jfr/internal/jfc/model/XmlNot done
Event: 1.389 Loading class jdk/jfr/internal/util/Utils
Event: 1.389 Loading class jdk/jfr/internal/util/Utils done
Event: 1.389 Loading class jdk/jfr/internal/management/HiddenWait
Event: 1.389 Loading class jdk/jfr/internal/management/HiddenWait done

Classes unloaded (0 events):
No events

Classes redefined (0 events):
No events

Internal exceptions (20 events):
Event: 0.069 Thread 0x0000018064816ba0 Implicit null exception at 0x0000018076e9b853 to 0x0000018076e9b9f0
Event: 0.111 Thread 0x0000018064816ba0 Exception <a 'java/lang/NoSuchMethodError'{0x0000000711bd44c0}: 'void java.lang.invoke.DirectMethodHandle$Holder.invokeStatic(java.lang.Object, java.lang.Object, java.lang.Object)'> (0x0000000711bd44c0) 
thrown [s\open\src\hotspot\share\interpreter\linkResolver.cpp, line 805]
Event: 0.116 Thread 0x0000018064816ba0 Exception <a 'java/lang/NoSuchMethodError'{0x0000000711809800}: 'java.lang.Object java.lang.invoke.Invokers$Holder.invokeExact_MT(java.lang.Object, java.lang.Object, java.lang.Object, java.lang.Object, java.lang.Object)'> (0x0000000711809800) 
thrown [s\open\src\hotspot\share\interpreter\linkResolver.cpp, line 805]
Event: 0.124 Thread 0x00000180068926e0 Exception <a 'java/lang/NoSuchMethodError'{0x00000007118fb258}: 'java.lang.Object java.lang.invoke.DirectMethodHandle$Holder.invokeStaticInit(java.lang.Object)'> (0x00000007118fb258) 
thrown [s\open\src\hotspot\share\interpreter\linkResolver.cpp, line 805]
Event: 0.125 Thread 0x0000018064816ba0 Exception <a 'java/lang/ClassNotFoundException'{0x0000000711832318}: sun/awt/resources/spi/awtProvider> (0x0000000711832318) 
thrown [s\open\src\hotspot\share\classfile\systemDictionary.cpp, line 327]
Event: 0.127 Thread 0x00000180068926e0 Exception <a 'java/lang/NoSuchMethodError'{0x0000000711905b48}: 'void java.lang.invoke.DirectMethodHandle$Holder.invokeStatic(java.lang.Object, java.lang.Object)'> (0x0000000711905b48) 
thrown [s\open\src\hotspot\share\interpreter\linkResolver.cpp, line 805]
Event: 0.133 Thread 0x0000018064816ba0 Exception <a 'java/io/FileNotFoundException'{0x00000007118520b0}> (0x00000007118520b0) 
thrown [s\open\src\hotspot\share\prims\jni.cpp, line 518]
Event: 0.135 Thread 0x0000018064816ba0 Exception <a 'java/io/FileNotFoundException'{0x00000007118649d0}> (0x00000007118649d0) 
thrown [s\open\src\hotspot\share\prims\jni.cpp, line 518]
Event: 0.209 Thread 0x0000018006894420 Exception <a 'java/lang/NoSuchMethodError'{0x000000071163fa48}: 'int java.lang.invoke.DirectMethodHandle$Holder.invokeStaticInit(java.lang.Object, int)'> (0x000000071163fa48) 
thrown [s\open\src\hotspot\share\interpreter\linkResolver.cpp, line 805]
Event: 0.210 Thread 0x0000018006894420 Exception <a 'java/lang/NoSuchMethodError'{0x0000000711648268}: 'long java.lang.invoke.DirectMethodHandle$Holder.invokeStatic(java.lang.Object, java.lang.Object)'> (0x0000000711648268) 
thrown [s\open\src\hotspot\share\interpreter\linkResolver.cpp, line 805]
Event: 0.210 Thread 0x0000018006894420 Exception <a 'java/lang/NoSuchMethodError'{0x0000000711650288}: 'long java.lang.invoke.DirectMethodHandle$Holder.invokeStaticInit(java.lang.Object, java.lang.Object)'> (0x0000000711650288) 
thrown [s\open\src\hotspot\share\interpreter\linkResolver.cpp, line 805]
Event: 0.211 Thread 0x0000018006894420 Exception <a 'java/lang/NoSuchMethodError'{0x0000000711658ad0}: 'java.lang.Object java.lang.invoke.DirectMethodHandle$Holder.invokeStatic(java.lang.Object, long, java.lang.Object)'> (0x0000000711658ad0) 
thrown [s\open\src\hotspot\share\interpreter\linkResolver.cpp, line 805]
Event: 0.212 Thread 0x0000018006894420 Exception <a 'java/lang/NoSuchMethodError'{0x0000000711660be8}: 'java.lang.Object java.lang.invoke.DirectMethodHandle$Holder.invokeStaticInit(java.lang.Object, long, java.lang.Object)'> (0x0000000711660be8) 
thrown [s\open\src\hotspot\share\interpreter\linkResolver.cpp, line 805]
Event: 0.213 Thread 0x0000018006894420 Exception <a 'java/lang/NoSuchMethodError'{0x0000000711669020}: 'java.lang.Object java.lang.invoke.DirectMethodHandle$Holder.invokeStatic(java.lang.Object, long)'> (0x0000000711669020) 
thrown [s\open\src\hotspot\share\interpreter\linkResolver.cpp, line 805]
Event: 0.213 Thread 0x0000018006894420 Exception <a 'java/lang/NoSuchMethodError'{0x0000000711671040}: 'java.lang.Object java.lang.invoke.DirectMethodHandle$Holder.invokeStaticInit(java.lang.Object, long)'> (0x0000000711671040) 
thrown [s\open\src\hotspot\share\interpreter\linkResolver.cpp, line 805]
Event: 0.237 Thread 0x00000180066b0e50 Exception <a 'java/lang/NoSuchMethodError'{0x0000000711492d28}: 'int java.lang.invoke.DirectMethodHandle$Holder.invokeInterface(java.lang.Object, java.lang.Object)'> (0x0000000711492d28) 
thrown [s\open\src\hotspot\share\interpreter\linkResolver.cpp, line 805]
Event: 0.238 Thread 0x00000180066b0e50 Exception <a 'java/lang/IncompatibleClassChangeError'{0x000000071149a9a8}: Found class java.lang.Object, but interface was expected> (0x000000071149a9a8) 
thrown [s\open\src\hotspot\share\interpreter\linkResolver.cpp, line 872]
Event: 0.335 Thread 0x00000180066b0e50 Exception <a 'java/lang/NoSuchMethodError'{0x0000000711534980}: 'void java.lang.invoke.DirectMethodHandle$Holder.invokeSpecial(java.lang.Object, java.lang.Object, java.lang.Object)'> (0x0000000711534980) 
thrown [s\open\src\hotspot\share\interpreter\linkResolver.cpp, line 805]
Event: 0.344 Thread 0x00000180066b0e50 Exception <a 'java/lang/NoSuchMethodError'{0x0000000711599580}: 'int java.lang.invoke.DirectMethodHandle$Holder.invokeSpecial(java.lang.Object, java.lang.Object, java.lang.Object)'> (0x0000000711599580) 
thrown [s\open\src\hotspot\share\interpreter\linkResolver.cpp, line 805]
Event: 1.350 Thread 0x00000180066b0e50 Exception <a 'java/lang/NoSuchMethodError'{0x00000007113001e0}: 'java.lang.Object java.lang.invoke.DirectMethodHandle$Holder.invokeStaticInit(java.lang.Object, java.lang.Object, java.lang.Object)'> (0x00000007113001e0) 
thrown [s\open\src\hotspot\share\interpreter\linkResolver.cpp, line 805]

VM Operations (6 events):
Event: 0.062 Executing VM operation: HandshakeAllThreads (Deoptimize)
Event: 0.062 Executing VM operation: HandshakeAllThreads (Deoptimize) done
Event: 0.123 Executing VM operation: HandshakeAllThreads (Deoptimize)
Event: 0.123 Executing VM operation: HandshakeAllThreads (Deoptimize) done
Event: 0.205 Executing VM operation: HandshakeAllThreads (Deoptimize)
Event: 0.205 Executing VM operation: HandshakeAllThreads (Deoptimize) done

Memory protections (0 events):
No events

Nmethod flushes (0 events):
No events

Events (20 events):
Event: 0.031 Thread 0x0000018064816ba0 Thread added: 0x00000180066ac230
Event: 0.031 Thread 0x0000018064816ba0 Thread added: 0x00000180066acb70
Event: 0.031 Thread 0x0000018064816ba0 Thread added: 0x00000180066afea0
Event: 0.031 Thread 0x0000018064816ba0 Thread added: 0x00000180066b0e50
Event: 0.031 Thread 0x0000018064816ba0 Thread added: 0x00000180066b3990
Event: 0.032 Thread 0x0000018064816ba0 Thread added: 0x00000180066bc600
Event: 0.032 Thread 0x0000018064816ba0 Thread added: 0x00000180066d0a60
Event: 0.032 Thread 0x0000018064816ba0 Thread added: 0x00000180066d6d90
Event: 0.078 Thread 0x0000018064816ba0 Thread added: 0x0000018006891f90
Event: 0.087 Thread 0x00000180066d6d90 Thread added: 0x00000180066d6600
Event: 0.118 Thread 0x0000018064816ba0 Thread added: 0x00000180068926e0
Event: 0.119 Thread 0x0000018064816ba0 Thread added: 0x0000018006892e30
Event: 0.161 Thread 0x0000018064816ba0 Thread added: 0x0000018006893580
Event: 0.161 Thread 0x0000018064816ba0 Thread added: 0x0000018006893cd0
Event: 0.162 Thread 0x0000018064816ba0 Thread added: 0x0000018006891840
Event: 0.170 Thread 0x0000018064816ba0 Thread added: 0x0000018006894420
Event: 0.170 Thread 0x0000018064816ba0 Thread exited: 0x0000018064816ba0
Event: 0.170 Thread 0x00000180068910f0 Thread added: 0x00000180068910f0
Event: 0.322 Thread 0x00000180066d6600 Thread exited: 0x00000180066d6600
Event: 0.362 Thread 0x00000180066d6d90 Thread added: 0x00000180066d5e70


Dynamic libraries:
0x00007ff70d220000 - 0x00007ff70d230000 	C:\Program Files\Java\jdk-24\bin\java.exe
0x00007ffb01020000 - 0x00007ffb01280000 	C:\WINDOWS\SYSTEM32\ntdll.dll
0x00007ffb00940000 - 0x00007ffb00a07000 	C:\WINDOWS\System32\KERNEL32.DLL
0x00007ffafe200000 - 0x00007ffafe5ca000 	C:\WINDOWS\System32\KERNELBASE.dll
0x00007ffafe700000 - 0x00007ffafe84b000 	C:\WINDOWS\System32\ucrtbase.dll
0x00007ffaf8ce0000 - 0x00007ffaf8cfb000 	C:\Program Files\Java\jdk-24\bin\VCRUNTIME140.dll
0x00007ffaf7000000 - 0x00007ffaf7016000 	C:\Program Files\Java\jdk-24\bin\jli.dll
0x00007ffaff5d0000 - 0x00007ffaff79c000 	C:\WINDOWS\System32\USER32.dll
0x00007ffafe910000 - 0x00007ffafe937000 	C:\WINDOWS\System32\win32u.dll
0x00007ffaecd70000 - 0x00007ffaed007000 	C:\WINDOWS\WinSxS\amd64_microsoft.windows.common-controls_6595b64144ccf1df_6.0.26100.3624_none_3e086962e3345f24\COMCTL32.dll
0x00007ffaff830000 - 0x00007ffaff85a000 	C:\WINDOWS\System32\GDI32.dll
0x00007ffb00d60000 - 0x00007ffb00e09000 	C:\WINDOWS\System32\msvcrt.dll
0x00007ffafece0000 - 0x00007ffafee11000 	C:\WINDOWS\System32\gdi32full.dll
0x00007ffafeac0000 - 0x00007ffafeb63000 	C:\WINDOWS\System32\msvcp_win.dll
0x00007ffb00d20000 - 0x00007ffb00d4f000 	C:\WINDOWS\System32\IMM32.DLL
0x00007ffafaed0000 - 0x00007ffafaedc000 	C:\Program Files\Java\jdk-24\bin\vcruntime140_1.dll
0x00007ffae4380000 - 0x00007ffae440e000 	C:\Program Files\Java\jdk-24\bin\msvcp140.dll
0x00007ffabf460000 - 0x00007ffac0201000 	C:\Program Files\Java\jdk-24\bin\server\jvm.dll
0x00007ffb00e20000 - 0x00007ffb00ed2000 	C:\WINDOWS\System32\ADVAPI32.dll
0x00007ffaff8e0000 - 0x00007ffaff986000 	C:\WINDOWS\System32\sechost.dll
0x00007ffb001a0000 - 0x00007ffb002b6000 	C:\WINDOWS\System32\RPCRT4.dll
0x00007ffb00ca0000 - 0x00007ffb00d14000 	C:\WINDOWS\System32\WS2_32.dll
0x00007ffafe070000 - 0x00007ffafe0ce000 	C:\WINDOWS\SYSTEM32\POWRPROF.dll
0x00007ffaf0d50000 - 0x00007ffaf0d86000 	C:\WINDOWS\SYSTEM32\WINMM.dll
0x00007ffaee710000 - 0x00007ffaee71b000 	C:\WINDOWS\SYSTEM32\VERSION.dll
0x00007ffafe050000 - 0x00007ffafe064000 	C:\WINDOWS\SYSTEM32\UMPDC.dll
0x00007ffafd010000 - 0x00007ffafd02a000 	C:\WINDOWS\SYSTEM32\kernel.appcore.dll
0x00007ffaf6ff0000 - 0x00007ffaf6ffa000 	C:\Program Files\Java\jdk-24\bin\jimage.dll
0x00007ffaf7510000 - 0x00007ffaf7751000 	C:\WINDOWS\SYSTEM32\DBGHELP.DLL
0x00007ffb005b0000 - 0x00007ffb00932000 	C:\WINDOWS\System32\combase.dll
0x00007ffb000c0000 - 0x00007ffb00196000 	C:\WINDOWS\System32\OLEAUT32.dll
0x00007ffa90d40000 - 0x00007ffa90d79000 	C:\WINDOWS\SYSTEM32\dbgcore.DLL
0x00007ffafe660000 - 0x00007ffafe6f9000 	C:\WINDOWS\System32\bcryptPrimitives.dll
0x00007ffae7ba0000 - 0x00007ffae7baf000 	C:\Program Files\Java\jdk-24\bin\instrument.dll
0x00007ffaf6fd0000 - 0x00007ffaf6fee000 	C:\Program Files\Java\jdk-24\bin\java.dll
0x00007ffafff10000 - 0x00007ffb000a6000 	C:\WINDOWS\System32\ole32.dll
0x00007ffafeea0000 - 0x00007ffaff5c9000 	C:\WINDOWS\System32\SHELL32.dll
0x00007ffafeb70000 - 0x00007ffafecd8000 	C:\WINDOWS\System32\wintypes.dll
0x00007ffafbee0000 - 0x00007ffafc732000 	C:\WINDOWS\SYSTEM32\windows.storage.dll
0x00007ffaffe20000 - 0x00007ffafff0d000 	C:\WINDOWS\System32\SHCORE.dll
0x00007ffb00c30000 - 0x00007ffb00c94000 	C:\WINDOWS\System32\shlwapi.dll
0x00007ffafe110000 - 0x00007ffafe13f000 	C:\WINDOWS\SYSTEM32\profapi.dll
0x00007ffabf380000 - 0x00007ffabf457000 	C:\Program Files\Java\jdk-24\bin\jsvml.dll
0x00007ffae4360000 - 0x00007ffae4377000 	C:\Program Files\Java\jdk-24\bin\zip.dll
0x00007ffae7b60000 - 0x00007ffae7b70000 	C:\Program Files\Java\jdk-24\bin\net.dll
0x00007ffafd530000 - 0x00007ffafd59a000 	C:\WINDOWS\system32\mswsock.dll
0x00007ffae7b10000 - 0x00007ffae7b26000 	C:\Program Files\Java\jdk-24\bin\nio.dll
0x00007ffae7b50000 - 0x00007ffae7b59000 	C:\Program Files\Java\jdk-24\bin\extnet.dll
0x00007ffa91c30000 - 0x00007ffa91daf000 	C:\Program Files\Java\jdk-24\bin\awt.dll
0x00007ffafb2d0000 - 0x00007ffafb36c000 	C:\WINDOWS\SYSTEM32\apphelp.dll
0x00007ffafb4f0000 - 0x00007ffafb59e000 	C:\WINDOWS\system32\uxtheme.dll
0x00007ffb00ad0000 - 0x00007ffb00c2d000 	C:\WINDOWS\System32\MSCTF.dll
0x00007ffafba50000 - 0x00007ffafba86000 	C:\WINDOWS\system32\DWMAPI.DLL
0x00007ffa8fad0000 - 0x00007ffa8fbdc000 	C:\WINDOWS\system32\opengl32.dll
0x00007ffa8faa0000 - 0x00007ffa8facd000 	C:\WINDOWS\SYSTEM32\GLU32.dll
0x00007ffafb630000 - 0x00007ffafb677000 	C:\WINDOWS\SYSTEM32\dxcore.dll
0x00007ffa8dc80000 - 0x00007ffa8de2c000 	C:\WINDOWS\system32\d3d9.dll
0x00007ffa8e270000 - 0x00007ffa8e290000 	C:\WINDOWS\System32\DriverStore\FileRepository\u0418637.inf_amd64_4462a7afa694670e\B418564\atidx9loader64.dll
0x00007ffa8a350000 - 0x00007ffa8ca6b000 	C:\WINDOWS\System32\DriverStore\FileRepository\u0418637.inf_amd64_4462a7afa694670e\B418564\AMDXN64.DLL
0x00007ffaff990000 - 0x00007ffaffe16000 	C:\WINDOWS\System32\SETUPAPI.dll
0x00007ffafb8f0000 - 0x00007ffafba1e000 	C:\WINDOWS\SYSTEM32\dxgi.dll
0x00007ffafb680000 - 0x00007ffafb6de000 	C:\WINDOWS\SYSTEM32\directxdatabasehelper.dll
0x00007ffafdd40000 - 0x00007ffafdd9f000 	C:\WINDOWS\SYSTEM32\cfgmgr32.dll
0x00007ffafe0e0000 - 0x00007ffafe106000 	C:\WINDOWS\SYSTEM32\BCrypt.dll
0x00007ffaeb8e0000 - 0x00007ffaeb91c000 	C:\WINDOWS\System32\DriverStore\FileRepository\u0418637.inf_amd64_4462a7afa694670e\B418564\amdihk64.dll
0x00007ffafca80000 - 0x00007ffafcba5000 	C:\WINDOWS\SYSTEM32\DNSAPI.dll
0x00007ffafca40000 - 0x00007ffafca73000 	C:\WINDOWS\SYSTEM32\IPHLPAPI.DLL
0x00007ffb003c0000 - 0x00007ffb003ca000 	C:\WINDOWS\System32\NSI.dll
0x0000000065b60000 - 0x0000000065b86000 	C:\Program Files\Bonjour\mdnsNSP.dll
0x00007ffaf4a40000 - 0x00007ffaf4a4b000 	C:\Windows\System32\rasadhlp.dll
0x00007ffaf6d40000 - 0x00007ffaf6dc5000 	C:\WINDOWS\System32\fwpuclnt.dll
0x00007ffae7b00000 - 0x00007ffae7b0a000 	C:\Program Files\Java\jdk-24\bin\management.dll
0x00007ffae4350000 - 0x00007ffae435b000 	C:\Program Files\Java\jdk-24\bin\management_ext.dll
0x00007ffb00ac0000 - 0x00007ffb00ac8000 	C:\WINDOWS\System32\PSAPI.DLL
0x00007ffafd7e0000 - 0x00007ffafd7fc000 	C:\WINDOWS\SYSTEM32\CRYPTSP.dll
0x00007ffafcf70000 - 0x00007ffafcfaa000 	C:\WINDOWS\system32\rsaenh.dll
0x00007ffafd5d0000 - 0x00007ffafd5fb000 	C:\WINDOWS\SYSTEM32\USERENV.dll
0x00007ffafd7d0000 - 0x00007ffafd7dc000 	C:\WINDOWS\SYSTEM32\CRYPTBASE.dll
0x00007ffaea460000 - 0x00007ffaea478000 	C:\WINDOWS\system32\napinsp.dll
0x00007ffaea410000 - 0x00007ffaea422000 	C:\WINDOWS\System32\winrnr.dll
0x00007ffaea340000 - 0x00007ffaea370000 	C:\WINDOWS\system32\nlansp_c.dll
0x00007ffaea2e0000 - 0x00007ffaea2f6000 	C:\WINDOWS\system32\wshbth.dll
0x00007ffaeb940000 - 0x00007ffaeb98e000 	C:\WINDOWS\SYSTEM32\pdh.dll

JVMTI agents:
C:\Program Files\JetBrains\IntelliJ IDEA 2025.1.4.1\lib\idea_rt.jar path:C:\Program Files\Java\jdk-24\bin\instrument.dll, loaded, initialized, instrumentlib options:56504

dbghelp: loaded successfully - version: 4.0.5 - missing functions: none
symbol engine: initialized successfully - sym options: 0x614 - pdb path: .;C:\Program Files\Java\jdk-24\bin;C:\WINDOWS\SYSTEM32;C:\WINDOWS\WinSxS\amd64_microsoft.windows.common-controls_6595b64144ccf1df_6.0.26100.3624_none_3e086962e3345f24;C:\Program Files\Java\jdk-24\bin\server;C:\WINDOWS\System32\DriverStore\FileRepository\u0418637.inf_amd64_4462a7afa694670e\B418564;C:\Program Files\Bonjour

VM Arguments:
jvm_args: -javaagent:C:\Program Files\JetBrains\IntelliJ IDEA 2025.1.4.1\lib\idea_rt.jar=56504 -Dfile.encoding=UTF-8 -Dsun.stdout.encoding=UTF-8 -Dsun.stderr.encoding=UTF-8 
java_command: Controlador.ControladorMenuPrincipal
java_class_path (initial): C:\Users\Danny\Documents\Trabajos UNA\Progra #3\Proyecto #1\Proyecto1\target\classes;C:\Users\Danny\.m2\repository\com\oracle\database\jdbc\ojdbc8\19.18.0.0\ojdbc8-19.18.0.0.jar;C:\Users\Danny\.m2\repository\com\oracle\database\jdbc\ucp\19.18.0.0\ucp-19.18.0.0.jar;C:\Users\Danny\.m2\repository\com\oracle\database\security\oraclepki\19.18.0.0\oraclepki-19.18.0.0.jar;C:\Users\Danny\.m2\repository\com\oracle\database\security\osdt_core\19.18.0.0\osdt_core-19.18.0.0.jar;C:\Users\Danny\.m2\repository\com\oracle\database\security\osdt_cert\19.18.0.0\osdt_cert-19.18.0.0.jar;C:\Users\Danny\.m2\repository\com\oracle\database\ha\simplefan\19.18.0.0\simplefan-19.18.0.0.jar;C:\Users\Danny\.m2\repository\com\oracle\database\ha\ons\19.18.0.0\ons-19.18.0.0.jar;C:\Users\Danny\.m2\repository\com\oracle\database\nls\orai18n\19.18.0.0\orai18n-19.18.0.0.jar;C:\Users\Danny\.m2\repository\com\oracle\database\xml\xdb\19.18.0.0\xdb-19.18.0.0.jar;C:\Users\Danny\.m2\repository\com\oracle\database\xml\xmlparserv2\19.18.0.0\xmlparserv2-19.18.0.0.jar
Launcher Type: SUN_STANDARD

[Global flags]
     intx CICompilerCount                          = 4                                         {product} {ergonomic}
     uint ConcGCThreads                            = 3                                         {product} {ergonomic}
     uint G1ConcRefinementThreads                  = 10                                        {product} {ergonomic}
   size_t G1HeapRegionSize                         = 2097152                                   {product} {ergonomic}
   size_t InitialHeapSize                          = 266338304                                 {product} {ergonomic}
   size_t MarkStackSize                            = 4194304                                   {product} {ergonomic}
   size_t MarkStackSizeMax                         = 536870912                                 {product} {ergonomic}
   size_t MaxHeapSize                              = 4261412864                                {product} {ergonomic}
   size_t MaxNewSize                               = 2556428288                                {product} {ergonomic}
   size_t MinHeapDeltaBytes                        = 2097152                                   {product} {ergonomic}
   size_t MinHeapSize                              = 8388608                                   {product} {ergonomic}
    uintx NonNMethodCodeHeapSize                   = 5832704                                {pd product} {ergonomic}
    uintx NonProfiledCodeHeapSize                  = 122945536                              {pd product} {ergonomic}
    uintx ProfiledCodeHeapSize                     = 122880000                              {pd product} {ergonomic}
    uintx ReservedCodeCacheSize                    = 251658240                              {pd product} {ergonomic}
     bool SegmentedCodeCache                       = true                                      {product} {ergonomic}
   size_t SoftMaxHeapSize                          = 4261412864                             {manageable} {ergonomic}
     bool UseCompressedOops                        = true                           {product lp64_product} {ergonomic}
     bool UseG1GC                                  = true                                      {product} {ergonomic}
     bool UseLargePagesIndividualAllocation        = false                                  {pd product} {ergonomic}

Logging:
Log output configuration:
 #0: stdout all=warning uptime,level,tags foldmultilines=false
 #1: stderr all=off uptime,level,tags foldmultilines=false

Environment Variables:
PATH=C:\oraclexe\app\oracle\product\11.2.0\server\bin;;C:\Program Files\Common Files\Oracle\Java\javapath;C:\Program Files (x86)\Common Files\Oracle\Java\java8path;C:\Program Files (x86)\Common Files\Oracle\Java\javapath;C:\Program Files (x86)\NVIDIA Corporation\PhysX\Common;C:\WINDOWS\system32;C:\WINDOWS;C:\WINDOWS\System32\Wbem;C:\WINDOWS\System32\WindowsPowerShell\v1.0\;C:\WINDOWS\System32\OpenSSH\;C:\Program Files (x86)\Windows Kits\10\Windows Performance Toolkit\;C:\Program Files\Git\cmd;C:\Users\Danny\AppData\Local\Microsoft\WindowsApps;C:\Users\Danny\AppData\Local\Programs\Microsoft VS Code\bin;C:\Users\Danny\AppData\Local\JetBrains\Toolbox\scripts;
USERNAME=Danny
OS=Windows_NT
PROCESSOR_IDENTIFIER=AMD64 Family 23 Model 96 Stepping 1, AuthenticAMD
TMP=C:\Users\Danny\AppData\Local\Temp
TEMP=C:\Users\Danny\AppData\Local\Temp




Periodic native trim disabled

---------------  S Y S T E M  ---------------

OS:
 Windows 11 , 64 bit Build 26100 (10.0.26100.3775)
OS uptime: 0 days 7:18 hours

CPU: total 12 (initial active 12) (12 cores per cpu, 2 threads per core) family 23 model 96 stepping 1 microcode 0x860010d, cx8, cmov, fxsr, ht, mmx, 3dnowpref, sse, sse2, sse3, ssse3, sse4a, sse4.1, sse4.2, popcnt, lzcnt, tsc, tscinvbit, avx, avx2, aes, clmul, bmi1, bmi2, adx, sha, fma, vzeroupper, clflush, clflushopt, rdtscp, rdpid, f16c
Processor Information for the first 12 processors :
  Max Mhz: 3701, Current Mhz: 3701, Mhz Limit: 3701

Memory: 4k page, system-wide physical 16251M (2591M free)
TotalPageFile size 24443M (AvailPageFile size 362M)
current process WorkingSet (physical memory assigned to process): 101M, peak: 101M
current process commit charge ("private bytes"): 380M, peak: 383M

vm_info: Java HotSpot(TM) 64-Bit Server VM (24.0.2+12-54) for windows-amd64 JRE (24.0.2+12-54), built on 2025-07-08T12:10:27Z with MS VC++ 17.6 (VS2022)

END.
