#
# There is insufficient memory for the Java Runtime Environment to continue.
# Native memory allocation (malloc) failed to allocate 984272 bytes. Error detail: Chunk::new
# Possible reasons:
#   The system is out of physical RAM or swap space
#   This process is running with CompressedOops enabled, and the Java Heap may be blocking the growth of the native heap
# Possible solutions:
#   Reduce memory load on the system
#   Increase physical memory or swap space
#   Check if swap backing store is full
#   Decrease Java heap size (-Xmx/-Xms)
#   Decrease number of Java threads
#   Decrease Java thread stack sizes (-Xss)
#   Set larger code cache with -XX:ReservedCodeCacheSize=
#   JVM is running with Zero Based Compressed Oops mode in which the Java heap is
#     placed in the first 32GB address space. The Java Heap base address is the
#     maximum limit for the native heap growth. Please use -XX:HeapBaseMinAddress
#     to set the Java Heap base and to place the Java Heap above 32GB virtual address.
# This output file may be truncated or incomplete.
#
#  Out of Memory Error (arena.cpp:162), pid=22748, tid=10320
#
# JRE version: Java(TM) SE Runtime Environment (24.0.2+12) (build 24.0.2+12-54)
# Java VM: Java HotSpot(TM) 64-Bit Server VM (24.0.2+12-54, mixed mode, sharing, tiered, compressed oops, compressed class ptrs, g1 gc, windows-amd64)
# No core dump will be written. Minidumps are not enabled by default on client versions of Windows
#

---------------  S U M M A R Y ------------

Command Line: -javaagent:C:\Program Files\JetBrains\IntelliJ IDEA 2025.1.4.1\lib\idea_rt.jar=54184 -Dfile.encoding=UTF-8 -Dsun.stdout.encoding=UTF-8 -Dsun.stderr.encoding=UTF-8 AccesoADatos.ServicioCliente

Host: AMD Ryzen 5 4600G with Radeon Graphics, 12 cores, 15G,  Windows 11 , 64 bit Build 26100 (10.0.26100.3775)
Time: Fri Sep 19 00:37:19 2025 Hora estándar, América Central elapsed time: 1.385484 seconds (0d 0h 0m 1s)

---------------  T H R E A D  ---------------

Current thread (0x0000029f30675fb0):  JavaThread "C2 CompilerThread1" daemon [_thread_in_native, id=10320, stack(0x000000e4a7500000,0x000000e4a7600000) (1024K)]


Current CompileTask:
C2:1385  866       4       jdk.internal.util.xml.impl.Parser::bqstr (462 bytes)

Stack: [0x000000e4a7500000,0x000000e4a7600000]
Native frames: (J=compiled Java code, j=interpreted, Vv=VM code, C=native code)
V  [jvm.dll+0x730829]  (no source info available)
V  [jvm.dll+0x8d9da3]  (no source info available)
V  [jvm.dll+0x8dc28d]  (no source info available)
V  [jvm.dll+0x8dc903]  (no source info available)
V  [jvm.dll+0x2a9f56]  (no source info available)
V  [jvm.dll+0xced7f]  (no source info available)
V  [jvm.dll+0xcefdf]  (no source info available)
V  [jvm.dll+0x154c83]  (no source info available)
V  [jvm.dll+0x73604f]  (no source info available)
V  [jvm.dll+0x26f8dc]  (no source info available)
V  [jvm.dll+0x26e8ff]  (no source info available)
V  [jvm.dll+0x1e9c90]  (no source info available)
V  [jvm.dll+0x27e0cb]  (no source info available)
V  [jvm.dll+0x27c36a]  (no source info available)
V  [jvm.dll+0x42f396]  (no source info available)
V  [jvm.dll+0x87d9eb]  (no source info available)
V  [jvm.dll+0x72ef45]  (no source info available)
C  [ucrtbase.dll+0x37b0]  (no source info available)
C  [KERNEL32.DLL+0x2e8d7]  (no source info available)
C  [ntdll.dll+0xb14fc]  (no source info available)

Lock stack of current Java thread (top to bottom):


---------------  P R O C E S S  ---------------

Threads class SMR info:
_java_thread_list=0x0000029f7625e120, length=14, elements={
0x0000029f0e6653c0, 0x0000029f2fbb83f0, 0x0000029f2fbb8d30, 0x0000029f2fbbf260,
0x0000029f2fbc0340, 0x0000029f2fbc1280, 0x0000029f2fbc3560, 0x0000029f304683c0,
0x0000029f304896f0, 0x0000029f306911b0, 0x0000029f30675fb0, 0x0000029f306f9a30,
0x0000029f3070a7c0, 0x0000029f766400d0
}

Java Threads: ( => current thread )
  0x0000029f0e6653c0 JavaThread "main"                              [_thread_in_native, id=21152, stack(0x000000e4a6400000,0x000000e4a6500000) (1024K)]
  0x0000029f2fbb83f0 JavaThread "Reference Handler"          daemon [_thread_blocked, id=13220, stack(0x000000e4a6c00000,0x000000e4a6d00000) (1024K)]
  0x0000029f2fbb8d30 JavaThread "Finalizer"                  daemon [_thread_blocked, id=24232, stack(0x000000e4a6d00000,0x000000e4a6e00000) (1024K)]
  0x0000029f2fbbf260 JavaThread "Signal Dispatcher"          daemon [_thread_blocked, id=14852, stack(0x000000e4a6e00000,0x000000e4a6f00000) (1024K)]
  0x0000029f2fbc0340 JavaThread "Attach Listener"            daemon [_thread_in_native, id=20152, stack(0x000000e4a6f00000,0x000000e4a7000000) (1024K)]
  0x0000029f2fbc1280 JavaThread "Service Thread"             daemon [_thread_blocked, id=14592, stack(0x000000e4a7000000,0x000000e4a7100000) (1024K)]
  0x0000029f2fbc3560 JavaThread "Monitor Deflation Thread"   daemon [_thread_blocked, id=20304, stack(0x000000e4a7100000,0x000000e4a7200000) (1024K)]
  0x0000029f304683c0 JavaThread "C2 CompilerThread0"         daemon [_thread_in_vm, id=22808, stack(0x000000e4a7200000,0x000000e4a7300000) (1024K)]
  0x0000029f304896f0 JavaThread "C1 CompilerThread0"         daemon [_thread_in_native, id=19272, stack(0x000000e4a7300000,0x000000e4a7400000) (1024K)]
  0x0000029f306911b0 JavaThread "Common-Cleaner"             daemon [_thread_blocked, id=18920, stack(0x000000e4a7400000,0x000000e4a7500000) (1024K)]
=>0x0000029f30675fb0 JavaThread "C2 CompilerThread1"         daemon [_thread_in_native, id=10320, stack(0x000000e4a7500000,0x000000e4a7600000) (1024K)]
  0x0000029f306f9a30 JavaThread "Monitor Ctrl-Break"         daemon [_thread_in_native, id=10888, stack(0x000000e4a7600000,0x000000e4a7700000) (1024K)]
  0x0000029f3070a7c0 JavaThread "Notification Thread"        daemon [_thread_blocked, id=12076, stack(0x000000e4a7700000,0x000000e4a7800000) (1024K)]
  0x0000029f766400d0 JavaThread "C2 CompilerThread2"         daemon [_thread_in_native, id=17344, stack(0x000000e4a7800000,0x000000e4a7900000) (1024K)]
Total: 14

Other Threads:
  0x0000029f2fba7e90 VMThread "VM Thread"                           [id=13424, stack(0x000000e4a6b00000,0x000000e4a6c00000) (1024K)]
  0x0000029f2fb98010 WatcherThread "VM Periodic Task Thread"        [id=16660, stack(0x000000e4a6a00000,0x000000e4a6b00000) (1024K)]
  0x0000029f10010570 WorkerThread "GC Thread#0"                     [id=23672, stack(0x000000e4a6500000,0x000000e4a6600000) (1024K)]
  0x0000029f10028250 ConcurrentGCThread "G1 Main Marker"            [id=9624, stack(0x000000e4a6600000,0x000000e4a6700000) (1024K)]
  0x0000029f10029500 WorkerThread "G1 Conc#0"                       [id=2824, stack(0x000000e4a6700000,0x000000e4a6800000) (1024K)]
  0x0000029f2fa4dff0 ConcurrentGCThread "G1 Refine#0"               [id=23296, stack(0x000000e4a6800000,0x000000e4a6900000) (1024K)]
  0x0000029f2fa4fa20 ConcurrentGCThread "G1 Service"                [id=1820, stack(0x000000e4a6900000,0x000000e4a6a00000) (1024K)]
Total: 7

Threads with active compile tasks:
C2 CompilerThread0  1426 1066 %     4       java.util.Properties$LineReader::readLine @ 53 (584 bytes)
C1 CompilerThread0  1426 1072       3       jdk.internal.jimage.ImageLocation::verifyName (161 bytes)
C2 CompilerThread1  1426  866       4       jdk.internal.util.xml.impl.Parser::bqstr (462 bytes)
C2 CompilerThread2  1426 1051       4       java.util.Properties::loadConvert (540 bytes)
Total: 4

VM state: not at safepoint (normal execution)

VM Mutex/Monitor currently owned by a thread: None

Heap address: 0x0000000702000000, size: 4064 MB, Compressed Oops mode: Zero based, Oop shift amount: 3

CDS archive(s) mapped at: [0x0000029f31000000-0x0000029f31d40000-0x0000029f31d40000), size 13893632, SharedBaseAddress: 0x0000029f31000000, ArchiveRelocationMode: 1.
Compressed class space mapped at: 0x0000029f32000000-0x0000029f72000000, reserved size: 1073741824
UseCompressedClassPointers 1, UseCompactObjectHeaders 0
Narrow klass pointer bits 32, Max shift 3
Narrow klass base: 0x0000029f31000000, Narrow klass shift: 0
Encoding Range: [0x0000029f31000000 - 0x000002a031000000), (4294967296 bytes)
Klass Range:    [0x0000029f31000000 - 0x0000029f72000000), (1090519040 bytes)
Klass ID Range:  [8 - 1090519033) (1090519025)

GC Precious Log:
 CardTable entry size: 512
 Card Set container configuration: InlinePtr #cards 4 size 8 Array Of Cards #cards 16 size 48 Howl #buckets 8 coarsen threshold 3686 Howl Bitmap #cards 512 size 80 coarsen threshold 460 Card regions per heap region 1 cards per card region 4096
 CPUs: 12 total, 12 available
 Memory: 16251M
 Large Page Support: Disabled
 NUMA Support: Disabled
 Compressed Oops: Enabled (Zero based)
 Heap Region Size: 2M
 Heap Min Capacity: 8M
 Heap Initial Capacity: 254M
 Heap Max Capacity: 4064M
 Pre-touch: Disabled
 Parallel Workers: 10
 Concurrent Workers: 3
 Concurrent Refinement Workers: 10
 Periodic GC: Disabled

Heap:
 garbage-first heap   total reserved 4161536K, committed 262144K, used 15476K [0x0000000702000000, 0x0000000800000000)
  region size 2048K, 8 young (16384K), 0 survivors (0K)
 Metaspace       used 5197K, committed 5440K, reserved 1114112K
  class space    used 454K, committed 576K, reserved 1048576K

Heap Regions: E=young(eden), S=young(survivor), O=old, HS=humongous(starts), HC=humongous(continues), CS=collection set, F=free, TAMS=top-at-mark-start, PB=parsable bottom
|   0|0x0000000702000000, 0x0000000702000000, 0x0000000702200000|  0%| F|  |TAMS 0x0000000702000000| PB 0x0000000702000000| Untracked |  0
|   1|0x0000000702200000, 0x0000000702200000, 0x0000000702400000|  0%| F|  |TAMS 0x0000000702200000| PB 0x0000000702200000| Untracked |  0
|   2|0x0000000702400000, 0x0000000702400000, 0x0000000702600000|  0%| F|  |TAMS 0x0000000702400000| PB 0x0000000702400000| Untracked |  0
|   3|0x0000000702600000, 0x0000000702600000, 0x0000000702800000|  0%| F|  |TAMS 0x0000000702600000| PB 0x0000000702600000| Untracked |  0
|   4|0x0000000702800000, 0x0000000702800000, 0x0000000702a00000|  0%| F|  |TAMS 0x0000000702800000| PB 0x0000000702800000| Untracked |  0
|   5|0x0000000702a00000, 0x0000000702a00000, 0x0000000702c00000|  0%| F|  |TAMS 0x0000000702a00000| PB 0x0000000702a00000| Untracked |  0
|   6|0x0000000702c00000, 0x0000000702c00000, 0x0000000702e00000|  0%| F|  |TAMS 0x0000000702c00000| PB 0x0000000702c00000| Untracked |  0
|   7|0x0000000702e00000, 0x0000000702e00000, 0x0000000703000000|  0%| F|  |TAMS 0x0000000702e00000| PB 0x0000000702e00000| Untracked |  0
|   8|0x0000000703000000, 0x0000000703000000, 0x0000000703200000|  0%| F|  |TAMS 0x0000000703000000| PB 0x0000000703000000| Untracked |  0
|   9|0x0000000703200000, 0x0000000703200000, 0x0000000703400000|  0%| F|  |TAMS 0x0000000703200000| PB 0x0000000703200000| Untracked |  0
|  10|0x0000000703400000, 0x0000000703400000, 0x0000000703600000|  0%| F|  |TAMS 0x0000000703400000| PB 0x0000000703400000| Untracked |  0
|  11|0x0000000703600000, 0x0000000703600000, 0x0000000703800000|  0%| F|  |TAMS 0x0000000703600000| PB 0x0000000703600000| Untracked |  0
|  12|0x0000000703800000, 0x0000000703800000, 0x0000000703a00000|  0%| F|  |TAMS 0x0000000703800000| PB 0x0000000703800000| Untracked |  0
|  13|0x0000000703a00000, 0x0000000703a00000, 0x0000000703c00000|  0%| F|  |TAMS 0x0000000703a00000| PB 0x0000000703a00000| Untracked |  0
|  14|0x0000000703c00000, 0x0000000703c00000, 0x0000000703e00000|  0%| F|  |TAMS 0x0000000703c00000| PB 0x0000000703c00000| Untracked |  0
|  15|0x0000000703e00000, 0x0000000703e00000, 0x0000000704000000|  0%| F|  |TAMS 0x0000000703e00000| PB 0x0000000703e00000| Untracked |  0
|  16|0x0000000704000000, 0x0000000704000000, 0x0000000704200000|  0%| F|  |TAMS 0x0000000704000000| PB 0x0000000704000000| Untracked |  0
|  17|0x0000000704200000, 0x0000000704200000, 0x0000000704400000|  0%| F|  |TAMS 0x0000000704200000| PB 0x0000000704200000| Untracked |  0
|  18|0x0000000704400000, 0x0000000704400000, 0x0000000704600000|  0%| F|  |TAMS 0x0000000704400000| PB 0x0000000704400000| Untracked |  0
|  19|0x0000000704600000, 0x0000000704600000, 0x0000000704800000|  0%| F|  |TAMS 0x0000000704600000| PB 0x0000000704600000| Untracked |  0
|  20|0x0000000704800000, 0x0000000704800000, 0x0000000704a00000|  0%| F|  |TAMS 0x0000000704800000| PB 0x0000000704800000| Untracked |  0
|  21|0x0000000704a00000, 0x0000000704a00000, 0x0000000704c00000|  0%| F|  |TAMS 0x0000000704a00000| PB 0x0000000704a00000| Untracked |  0
|  22|0x0000000704c00000, 0x0000000704c00000, 0x0000000704e00000|  0%| F|  |TAMS 0x0000000704c00000| PB 0x0000000704c00000| Untracked |  0
|  23|0x0000000704e00000, 0x0000000704e00000, 0x0000000705000000|  0%| F|  |TAMS 0x0000000704e00000| PB 0x0000000704e00000| Untracked |  0
|  24|0x0000000705000000, 0x0000000705000000, 0x0000000705200000|  0%| F|  |TAMS 0x0000000705000000| PB 0x0000000705000000| Untracked |  0
|  25|0x0000000705200000, 0x0000000705200000, 0x0000000705400000|  0%| F|  |TAMS 0x0000000705200000| PB 0x0000000705200000| Untracked |  0
|  26|0x0000000705400000, 0x0000000705400000, 0x0000000705600000|  0%| F|  |TAMS 0x0000000705400000| PB 0x0000000705400000| Untracked |  0
|  27|0x0000000705600000, 0x0000000705600000, 0x0000000705800000|  0%| F|  |TAMS 0x0000000705600000| PB 0x0000000705600000| Untracked |  0
|  28|0x0000000705800000, 0x0000000705800000, 0x0000000705a00000|  0%| F|  |TAMS 0x0000000705800000| PB 0x0000000705800000| Untracked |  0
|  29|0x0000000705a00000, 0x0000000705a00000, 0x0000000705c00000|  0%| F|  |TAMS 0x0000000705a00000| PB 0x0000000705a00000| Untracked |  0
|  30|0x0000000705c00000, 0x0000000705c00000, 0x0000000705e00000|  0%| F|  |TAMS 0x0000000705c00000| PB 0x0000000705c00000| Untracked |  0
|  31|0x0000000705e00000, 0x0000000705e00000, 0x0000000706000000|  0%| F|  |TAMS 0x0000000705e00000| PB 0x0000000705e00000| Untracked |  0
|  32|0x0000000706000000, 0x0000000706000000, 0x0000000706200000|  0%| F|  |TAMS 0x0000000706000000| PB 0x0000000706000000| Untracked |  0
|  33|0x0000000706200000, 0x0000000706200000, 0x0000000706400000|  0%| F|  |TAMS 0x0000000706200000| PB 0x0000000706200000| Untracked |  0
|  34|0x0000000706400000, 0x0000000706400000, 0x0000000706600000|  0%| F|  |TAMS 0x0000000706400000| PB 0x0000000706400000| Untracked |  0
|  35|0x0000000706600000, 0x0000000706600000, 0x0000000706800000|  0%| F|  |TAMS 0x0000000706600000| PB 0x0000000706600000| Untracked |  0
|  36|0x0000000706800000, 0x0000000706800000, 0x0000000706a00000|  0%| F|  |TAMS 0x0000000706800000| PB 0x0000000706800000| Untracked |  0
|  37|0x0000000706a00000, 0x0000000706a00000, 0x0000000706c00000|  0%| F|  |TAMS 0x0000000706a00000| PB 0x0000000706a00000| Untracked |  0
|  38|0x0000000706c00000, 0x0000000706c00000, 0x0000000706e00000|  0%| F|  |TAMS 0x0000000706c00000| PB 0x0000000706c00000| Untracked |  0
|  39|0x0000000706e00000, 0x0000000706e00000, 0x0000000707000000|  0%| F|  |TAMS 0x0000000706e00000| PB 0x0000000706e00000| Untracked |  0
|  40|0x0000000707000000, 0x0000000707000000, 0x0000000707200000|  0%| F|  |TAMS 0x0000000707000000| PB 0x0000000707000000| Untracked |  0
|  41|0x0000000707200000, 0x0000000707200000, 0x0000000707400000|  0%| F|  |TAMS 0x0000000707200000| PB 0x0000000707200000| Untracked |  0
|  42|0x0000000707400000, 0x0000000707400000, 0x0000000707600000|  0%| F|  |TAMS 0x0000000707400000| PB 0x0000000707400000| Untracked |  0
|  43|0x0000000707600000, 0x0000000707600000, 0x0000000707800000|  0%| F|  |TAMS 0x0000000707600000| PB 0x0000000707600000| Untracked |  0
|  44|0x0000000707800000, 0x0000000707800000, 0x0000000707a00000|  0%| F|  |TAMS 0x0000000707800000| PB 0x0000000707800000| Untracked |  0
|  45|0x0000000707a00000, 0x0000000707a00000, 0x0000000707c00000|  0%| F|  |TAMS 0x0000000707a00000| PB 0x0000000707a00000| Untracked |  0
|  46|0x0000000707c00000, 0x0000000707c00000, 0x0000000707e00000|  0%| F|  |TAMS 0x0000000707c00000| PB 0x0000000707c00000| Untracked |  0
|  47|0x0000000707e00000, 0x0000000707e00000, 0x0000000708000000|  0%| F|  |TAMS 0x0000000707e00000| PB 0x0000000707e00000| Untracked |  0
|  48|0x0000000708000000, 0x0000000708000000, 0x0000000708200000|  0%| F|  |TAMS 0x0000000708000000| PB 0x0000000708000000| Untracked |  0
|  49|0x0000000708200000, 0x0000000708200000, 0x0000000708400000|  0%| F|  |TAMS 0x0000000708200000| PB 0x0000000708200000| Untracked |  0
|  50|0x0000000708400000, 0x0000000708400000, 0x0000000708600000|  0%| F|  |TAMS 0x0000000708400000| PB 0x0000000708400000| Untracked |  0
|  51|0x0000000708600000, 0x0000000708600000, 0x0000000708800000|  0%| F|  |TAMS 0x0000000708600000| PB 0x0000000708600000| Untracked |  0
|  52|0x0000000708800000, 0x0000000708800000, 0x0000000708a00000|  0%| F|  |TAMS 0x0000000708800000| PB 0x0000000708800000| Untracked |  0
|  53|0x0000000708a00000, 0x0000000708a00000, 0x0000000708c00000|  0%| F|  |TAMS 0x0000000708a00000| PB 0x0000000708a00000| Untracked |  0
|  54|0x0000000708c00000, 0x0000000708c00000, 0x0000000708e00000|  0%| F|  |TAMS 0x0000000708c00000| PB 0x0000000708c00000| Untracked |  0
|  55|0x0000000708e00000, 0x0000000708e00000, 0x0000000709000000|  0%| F|  |TAMS 0x0000000708e00000| PB 0x0000000708e00000| Untracked |  0
|  56|0x0000000709000000, 0x0000000709000000, 0x0000000709200000|  0%| F|  |TAMS 0x0000000709000000| PB 0x0000000709000000| Untracked |  0
|  57|0x0000000709200000, 0x0000000709200000, 0x0000000709400000|  0%| F|  |TAMS 0x0000000709200000| PB 0x0000000709200000| Untracked |  0
|  58|0x0000000709400000, 0x0000000709400000, 0x0000000709600000|  0%| F|  |TAMS 0x0000000709400000| PB 0x0000000709400000| Untracked |  0
|  59|0x0000000709600000, 0x0000000709600000, 0x0000000709800000|  0%| F|  |TAMS 0x0000000709600000| PB 0x0000000709600000| Untracked |  0
|  60|0x0000000709800000, 0x0000000709800000, 0x0000000709a00000|  0%| F|  |TAMS 0x0000000709800000| PB 0x0000000709800000| Untracked |  0
|  61|0x0000000709a00000, 0x0000000709a00000, 0x0000000709c00000|  0%| F|  |TAMS 0x0000000709a00000| PB 0x0000000709a00000| Untracked |  0
|  62|0x0000000709c00000, 0x0000000709c00000, 0x0000000709e00000|  0%| F|  |TAMS 0x0000000709c00000| PB 0x0000000709c00000| Untracked |  0
|  63|0x0000000709e00000, 0x0000000709e00000, 0x000000070a000000|  0%| F|  |TAMS 0x0000000709e00000| PB 0x0000000709e00000| Untracked |  0
|  64|0x000000070a000000, 0x000000070a000000, 0x000000070a200000|  0%| F|  |TAMS 0x000000070a000000| PB 0x000000070a000000| Untracked |  0
|  65|0x000000070a200000, 0x000000070a200000, 0x000000070a400000|  0%| F|  |TAMS 0x000000070a200000| PB 0x000000070a200000| Untracked |  0
|  66|0x000000070a400000, 0x000000070a400000, 0x000000070a600000|  0%| F|  |TAMS 0x000000070a400000| PB 0x000000070a400000| Untracked |  0
|  67|0x000000070a600000, 0x000000070a600000, 0x000000070a800000|  0%| F|  |TAMS 0x000000070a600000| PB 0x000000070a600000| Untracked |  0
|  68|0x000000070a800000, 0x000000070a800000, 0x000000070aa00000|  0%| F|  |TAMS 0x000000070a800000| PB 0x000000070a800000| Untracked |  0
|  69|0x000000070aa00000, 0x000000070aa00000, 0x000000070ac00000|  0%| F|  |TAMS 0x000000070aa00000| PB 0x000000070aa00000| Untracked |  0
|  70|0x000000070ac00000, 0x000000070ac00000, 0x000000070ae00000|  0%| F|  |TAMS 0x000000070ac00000| PB 0x000000070ac00000| Untracked |  0
|  71|0x000000070ae00000, 0x000000070ae00000, 0x000000070b000000|  0%| F|  |TAMS 0x000000070ae00000| PB 0x000000070ae00000| Untracked |  0
|  72|0x000000070b000000, 0x000000070b000000, 0x000000070b200000|  0%| F|  |TAMS 0x000000070b000000| PB 0x000000070b000000| Untracked |  0
|  73|0x000000070b200000, 0x000000070b200000, 0x000000070b400000|  0%| F|  |TAMS 0x000000070b200000| PB 0x000000070b200000| Untracked |  0
|  74|0x000000070b400000, 0x000000070b400000, 0x000000070b600000|  0%| F|  |TAMS 0x000000070b400000| PB 0x000000070b400000| Untracked |  0
|  75|0x000000070b600000, 0x000000070b600000, 0x000000070b800000|  0%| F|  |TAMS 0x000000070b600000| PB 0x000000070b600000| Untracked |  0
|  76|0x000000070b800000, 0x000000070b800000, 0x000000070ba00000|  0%| F|  |TAMS 0x000000070b800000| PB 0x000000070b800000| Untracked |  0
|  77|0x000000070ba00000, 0x000000070ba00000, 0x000000070bc00000|  0%| F|  |TAMS 0x000000070ba00000| PB 0x000000070ba00000| Untracked |  0
|  78|0x000000070bc00000, 0x000000070bc00000, 0x000000070be00000|  0%| F|  |TAMS 0x000000070bc00000| PB 0x000000070bc00000| Untracked |  0
|  79|0x000000070be00000, 0x000000070be00000, 0x000000070c000000|  0%| F|  |TAMS 0x000000070be00000| PB 0x000000070be00000| Untracked |  0
|  80|0x000000070c000000, 0x000000070c000000, 0x000000070c200000|  0%| F|  |TAMS 0x000000070c000000| PB 0x000000070c000000| Untracked |  0
|  81|0x000000070c200000, 0x000000070c200000, 0x000000070c400000|  0%| F|  |TAMS 0x000000070c200000| PB 0x000000070c200000| Untracked |  0
|  82|0x000000070c400000, 0x000000070c400000, 0x000000070c600000|  0%| F|  |TAMS 0x000000070c400000| PB 0x000000070c400000| Untracked |  0
|  83|0x000000070c600000, 0x000000070c600000, 0x000000070c800000|  0%| F|  |TAMS 0x000000070c600000| PB 0x000000070c600000| Untracked |  0
|  84|0x000000070c800000, 0x000000070c800000, 0x000000070ca00000|  0%| F|  |TAMS 0x000000070c800000| PB 0x000000070c800000| Untracked |  0
|  85|0x000000070ca00000, 0x000000070ca00000, 0x000000070cc00000|  0%| F|  |TAMS 0x000000070ca00000| PB 0x000000070ca00000| Untracked |  0
|  86|0x000000070cc00000, 0x000000070cc00000, 0x000000070ce00000|  0%| F|  |TAMS 0x000000070cc00000| PB 0x000000070cc00000| Untracked |  0
|  87|0x000000070ce00000, 0x000000070ce00000, 0x000000070d000000|  0%| F|  |TAMS 0x000000070ce00000| PB 0x000000070ce00000| Untracked |  0
|  88|0x000000070d000000, 0x000000070d000000, 0x000000070d200000|  0%| F|  |TAMS 0x000000070d000000| PB 0x000000070d000000| Untracked |  0
|  89|0x000000070d200000, 0x000000070d200000, 0x000000070d400000|  0%| F|  |TAMS 0x000000070d200000| PB 0x000000070d200000| Untracked |  0
|  90|0x000000070d400000, 0x000000070d400000, 0x000000070d600000|  0%| F|  |TAMS 0x000000070d400000| PB 0x000000070d400000| Untracked |  0
|  91|0x000000070d600000, 0x000000070d600000, 0x000000070d800000|  0%| F|  |TAMS 0x000000070d600000| PB 0x000000070d600000| Untracked |  0
|  92|0x000000070d800000, 0x000000070d800000, 0x000000070da00000|  0%| F|  |TAMS 0x000000070d800000| PB 0x000000070d800000| Untracked |  0
|  93|0x000000070da00000, 0x000000070da00000, 0x000000070dc00000|  0%| F|  |TAMS 0x000000070da00000| PB 0x000000070da00000| Untracked |  0
|  94|0x000000070dc00000, 0x000000070dc00000, 0x000000070de00000|  0%| F|  |TAMS 0x000000070dc00000| PB 0x000000070dc00000| Untracked |  0
|  95|0x000000070de00000, 0x000000070de00000, 0x000000070e000000|  0%| F|  |TAMS 0x000000070de00000| PB 0x000000070de00000| Untracked |  0
|  96|0x000000070e000000, 0x000000070e000000, 0x000000070e200000|  0%| F|  |TAMS 0x000000070e000000| PB 0x000000070e000000| Untracked |  0
|  97|0x000000070e200000, 0x000000070e200000, 0x000000070e400000|  0%| F|  |TAMS 0x000000070e200000| PB 0x000000070e200000| Untracked |  0
|  98|0x000000070e400000, 0x000000070e400000, 0x000000070e600000|  0%| F|  |TAMS 0x000000070e400000| PB 0x000000070e400000| Untracked |  0
|  99|0x000000070e600000, 0x000000070e600000, 0x000000070e800000|  0%| F|  |TAMS 0x000000070e600000| PB 0x000000070e600000| Untracked |  0
| 100|0x000000070e800000, 0x000000070e800000, 0x000000070ea00000|  0%| F|  |TAMS 0x000000070e800000| PB 0x000000070e800000| Untracked |  0
| 101|0x000000070ea00000, 0x000000070ea00000, 0x000000070ec00000|  0%| F|  |TAMS 0x000000070ea00000| PB 0x000000070ea00000| Untracked |  0
| 102|0x000000070ec00000, 0x000000070ec00000, 0x000000070ee00000|  0%| F|  |TAMS 0x000000070ec00000| PB 0x000000070ec00000| Untracked |  0
| 103|0x000000070ee00000, 0x000000070ee00000, 0x000000070f000000|  0%| F|  |TAMS 0x000000070ee00000| PB 0x000000070ee00000| Untracked |  0
| 104|0x000000070f000000, 0x000000070f000000, 0x000000070f200000|  0%| F|  |TAMS 0x000000070f000000| PB 0x000000070f000000| Untracked |  0
| 105|0x000000070f200000, 0x000000070f200000, 0x000000070f400000|  0%| F|  |TAMS 0x000000070f200000| PB 0x000000070f200000| Untracked |  0
| 106|0x000000070f400000, 0x000000070f400000, 0x000000070f600000|  0%| F|  |TAMS 0x000000070f400000| PB 0x000000070f400000| Untracked |  0
| 107|0x000000070f600000, 0x000000070f600000, 0x000000070f800000|  0%| F|  |TAMS 0x000000070f600000| PB 0x000000070f600000| Untracked |  0
| 108|0x000000070f800000, 0x000000070f800000, 0x000000070fa00000|  0%| F|  |TAMS 0x000000070f800000| PB 0x000000070f800000| Untracked |  0
| 109|0x000000070fa00000, 0x000000070fa00000, 0x000000070fc00000|  0%| F|  |TAMS 0x000000070fa00000| PB 0x000000070fa00000| Untracked |  0
| 110|0x000000070fc00000, 0x000000070fc00000, 0x000000070fe00000|  0%| F|  |TAMS 0x000000070fc00000| PB 0x000000070fc00000| Untracked |  0
| 111|0x000000070fe00000, 0x000000070fe00000, 0x0000000710000000|  0%| F|  |TAMS 0x000000070fe00000| PB 0x000000070fe00000| Untracked |  0
| 112|0x0000000710000000, 0x0000000710000000, 0x0000000710200000|  0%| F|  |TAMS 0x0000000710000000| PB 0x0000000710000000| Untracked |  0
| 113|0x0000000710200000, 0x0000000710200000, 0x0000000710400000|  0%| F|  |TAMS 0x0000000710200000| PB 0x0000000710200000| Untracked |  0
| 114|0x0000000710400000, 0x0000000710400000, 0x0000000710600000|  0%| F|  |TAMS 0x0000000710400000| PB 0x0000000710400000| Untracked |  0
| 115|0x0000000710600000, 0x0000000710600000, 0x0000000710800000|  0%| F|  |TAMS 0x0000000710600000| PB 0x0000000710600000| Untracked |  0
| 116|0x0000000710800000, 0x0000000710800000, 0x0000000710a00000|  0%| F|  |TAMS 0x0000000710800000| PB 0x0000000710800000| Untracked |  0
| 117|0x0000000710a00000, 0x0000000710a00000, 0x0000000710c00000|  0%| F|  |TAMS 0x0000000710a00000| PB 0x0000000710a00000| Untracked |  0
| 118|0x0000000710c00000, 0x0000000710c00000, 0x0000000710e00000|  0%| F|  |TAMS 0x0000000710c00000| PB 0x0000000710c00000| Untracked |  0
| 119|0x0000000710e00000, 0x0000000710ef5c58, 0x0000000711000000| 48%| E|  |TAMS 0x0000000710e00000| PB 0x0000000710e00000| Complete |  0
| 120|0x0000000711000000, 0x0000000711200000, 0x0000000711200000|100%| E|CS|TAMS 0x0000000711000000| PB 0x0000000711000000| Complete |  0
| 121|0x0000000711200000, 0x0000000711400000, 0x0000000711400000|100%| E|CS|TAMS 0x0000000711200000| PB 0x0000000711200000| Complete |  0
| 122|0x0000000711400000, 0x0000000711600000, 0x0000000711600000|100%| E|CS|TAMS 0x0000000711400000| PB 0x0000000711400000| Complete |  0
| 123|0x0000000711600000, 0x0000000711800000, 0x0000000711800000|100%| E|CS|TAMS 0x0000000711600000| PB 0x0000000711600000| Complete |  0
| 124|0x0000000711800000, 0x0000000711a00000, 0x0000000711a00000|100%| E|CS|TAMS 0x0000000711800000| PB 0x0000000711800000| Complete |  0
| 125|0x0000000711a00000, 0x0000000711c00000, 0x0000000711c00000|100%| E|CS|TAMS 0x0000000711a00000| PB 0x0000000711a00000| Complete |  0
| 126|0x0000000711c00000, 0x0000000711e00000, 0x0000000711e00000|100%| E|CS|TAMS 0x0000000711c00000| PB 0x0000000711c00000| Complete |  0
|2031|0x00000007ffe00000, 0x00000007fff1d248, 0x0000000800000000| 55%| O|  |TAMS 0x00000007ffe00000| PB 0x00000007ffe00000| Untracked |  0

Card table byte_map: [0x0000029f28fb0000,0x0000029f297a0000] _byte_map_base: 0x0000029f257a0000

Marking Bits: (CMBitMap*) 0x0000029f10010c80
 Bits: [0x0000029f297a0000, 0x0000029f2d720000)

Polling page: 0x0000029f0e7b0000

Metaspace:

Usage:
  Non-class:      4.71 MB used.
      Class:    462.16 KB used.
       Both:      5.16 MB used.

Virtual space:
  Non-class space:       64.00 MB reserved,       4.81 MB (  8%) committed,  1 nodes.
      Class space:        1.00 GB reserved,     576.00 KB ( <1%) committed,  1 nodes.
             Both:        1.06 GB reserved,       5.38 MB ( <1%) committed. 

Chunk freelists:
   Non-Class:  10.72 MB
       Class:  15.48 MB
        Both:  26.20 MB

MaxMetaspaceSize: unlimited
CompressedClassSpaceSize: 1.00 GB
Initial GC threshold: 21.00 MB
Current GC threshold: 21.00 MB
CDS: on
 - commit_granule_bytes: 65536.
 - commit_granule_words: 8192.
 - virtual_space_node_default_size: 8388608.
 - enlarge_chunks_in_place: 1.
UseCompressedClassPointers 1, UseCompactObjectHeaders 0
Narrow klass pointer bits 32, Max shift 3
Narrow klass base: 0x0000029f31000000, Narrow klass shift: 0
Encoding Range: [0x0000029f31000000 - 0x000002a031000000), (4294967296 bytes)
Klass Range:    [0x0000029f31000000 - 0x0000029f72000000), (1090519040 bytes)
Klass ID Range:  [8 - 1090519033) (1090519025)


Internal statistics:

num_allocs_failed_limit: 0.
num_arena_births: 60.
num_arena_deaths: 0.
num_vsnodes_births: 2.
num_vsnodes_deaths: 0.
num_space_committed: 86.
num_space_uncommitted: 0.
num_chunks_returned_to_freelist: 0.
num_chunks_taken_from_freelist: 95.
num_chunk_merges: 0.
num_chunk_splits: 57.
num_chunks_enlarged: 29.
num_inconsistent_stats: 0.

CodeHeap 'non-profiled nmethods': size=120064Kb used=315Kb max_used=315Kb free=119749Kb
 bounds [0x0000029f205e0000, 0x0000029f20850000, 0x0000029f27b20000]
CodeHeap 'profiled nmethods': size=120000Kb used=1397Kb max_used=1397Kb free=118602Kb
 bounds [0x0000029f18b20000, 0x0000029f18d90000, 0x0000029f20050000]
CodeHeap 'non-nmethods': size=5696Kb used=1310Kb max_used=1354Kb free=4385Kb
 bounds [0x0000029f20050000, 0x0000029f202c0000, 0x0000029f205e0000]
CodeCache: size=245760Kb, used=3022Kb, max_used=3066Kb, free=242736Kb
 total_blobs=1552, nmethods=1076, adapters=381, full_count=0
Compilation: enabled, stopped_count=0, restarted_count=0

Compilation events (20 events):
Event: 0.275 Thread 0x0000029f304896f0 nmethod 922 0x0000029f18c47788 code [0x0000029f18c478a0, 0x0000029f18c47a90]
Event: 0.275 Thread 0x0000029f304896f0  919       3       java.lang.PublicMethods::merge (81 bytes)
Event: 0.275 Thread 0x0000029f304896f0 nmethod 919 0x0000029f18c47b08 code [0x0000029f18c47cc0, 0x0000029f18c486e8]
Event: 0.275 Thread 0x0000029f304896f0  920       3       java.lang.PublicMethods$Key::<init> (24 bytes)
Event: 0.276 Thread 0x0000029f304896f0 nmethod 920 0x0000029f18c48788 code [0x0000029f18c488c0, 0x0000029f18c48c88]
Event: 0.276 Thread 0x0000029f304896f0  917       1       java.util.concurrent.locks.AbstractQueuedSynchronizer::getState (5 bytes)
Event: 0.276 Thread 0x0000029f304896f0 nmethod 917 0x0000029f2061ea08 code [0x0000029f2061eb00, 0x0000029f2061ebc8]
Event: 0.276 Thread 0x0000029f304896f0  923       3       jdk.internal.classfile.impl.AbstractPoolEntry::hashClassFromDescriptor (7 bytes)
Event: 0.276 Thread 0x0000029f304896f0 nmethod 923 0x0000029f18c48d08 code [0x0000029f18c48e20, 0x0000029f18c48f70]
Event: 0.277 Thread 0x0000029f304896f0  924       3       jdk.internal.classfile.impl.AttributeHolder::withAttribute (124 bytes)
Event: 0.277 Thread 0x0000029f304896f0 nmethod 924 0x0000029f18c49008 code [0x0000029f18c491c0, 0x0000029f18c49c60]
Event: 0.277 Thread 0x0000029f304896f0  926       3       java.lang.invoke.MethodHandles$Lookup::isArrayClone (50 bytes)
Event: 0.278 Thread 0x0000029f304896f0 nmethod 926 0x0000029f18c49d08 code [0x0000029f18c49ea0, 0x0000029f18c4a7f8]
Event: 0.278 Thread 0x0000029f304896f0  925       3       jdk.internal.classfile.impl.BufWriterImpl::skip (22 bytes)
Event: 0.278 Thread 0x0000029f304896f0 nmethod 925 0x0000029f18c4a888 code [0x0000029f18c4a9c0, 0x0000029f18c4ac50]
Event: 0.278 Thread 0x0000029f304896f0  927       1       java.lang.invoke.InfoFromMemberName::getReferenceKind (5 bytes)
Event: 0.278 Thread 0x0000029f304896f0 nmethod 927 0x0000029f2061ed08 code [0x0000029f2061ee00, 0x0000029f2061eec8]
Event: 0.278 Thread 0x0000029f304896f0  928   !   3       java.util.WeakHashMap::expungeStaleEntries (139 bytes)
Event: 0.278 Thread 0x0000029f304896f0 nmethod 928 0x0000029f18c4ac88 code [0x0000029f18c4ae00, 0x0000029f18c4b6c0]
Event: 0.279 Thread 0x0000029f304896f0  929       3       javax.management.ImmutableDescriptor::union (314 bytes)

GC Heap History (0 events):
No events

Dll operation events (11 events):
Event: 0.009 Loaded shared library C:\Program Files\Java\jdk-24\bin\java.dll
Event: 0.032 Loaded shared library C:\Program Files\Java\jdk-24\bin\jsvml.dll
Event: 0.071 Loaded shared library C:\Program Files\Java\jdk-24\bin\zip.dll
Event: 0.073 Loaded shared library C:\Program Files\Java\jdk-24\bin\instrument.dll
Event: 0.078 Loaded shared library C:\Program Files\Java\jdk-24\bin\net.dll
Event: 0.079 Loaded shared library C:\Program Files\Java\jdk-24\bin\nio.dll
Event: 0.087 Loaded shared library C:\Program Files\Java\jdk-24\bin\zip.dll
Event: 0.120 Loaded shared library C:\Program Files\Java\jdk-24\bin\jimage.dll
Event: 0.124 Loaded shared library C:\Program Files\Java\jdk-24\bin\extnet.dll
Event: 0.134 Loaded shared library C:\Program Files\Java\jdk-24\bin\management.dll
Event: 0.144 Loaded shared library C:\Program Files\Java\jdk-24\bin\management_ext.dll

Deoptimization events (20 events):
Event: 0.147 Thread 0x0000029f0e6653c0 Uncommon trap: trap_request=0xffffff4d fr.pc=0x0000029f205eec2c relative=0x000000000000060c
Event: 0.147 Thread 0x0000029f0e6653c0 Uncommon trap: reason=unstable_if action=reinterpret pc=0x0000029f205eec2c method=java.util.HashMap.putVal(ILjava/lang/Object;Ljava/lang/Object;ZZ)Ljava/lang/Object; @ 69 c2
Event: 0.147 Thread 0x0000029f0e6653c0 DEOPT PACKING pc=0x0000029f205eec2c sp=0x000000e4a64fdd70
Event: 0.147 Thread 0x0000029f0e6653c0 DEOPT UNPACKING pc=0x0000029f20164102 sp=0x000000e4a64fdcf0 mode 2
Event: 0.242 Thread 0x0000029f0e6653c0 Uncommon trap: trap_request=0xffffff4d fr.pc=0x0000029f20617a48 relative=0x0000000000000048
Event: 0.242 Thread 0x0000029f0e6653c0 Uncommon trap: reason=unstable_if action=reinterpret pc=0x0000029f20617a48 method=java.lang.CharacterDataLatin1.equalsIgnoreCase(BB)Z @ 2 c2
Event: 0.243 Thread 0x0000029f0e6653c0 DEOPT PACKING pc=0x0000029f20617a48 sp=0x000000e4a64fcd80
Event: 0.243 Thread 0x0000029f0e6653c0 DEOPT UNPACKING pc=0x0000029f20164102 sp=0x000000e4a64fcd00 mode 2
Event: 0.251 Thread 0x0000029f0e6653c0 Uncommon trap: trap_request=0xffffff4d fr.pc=0x0000029f206170d4 relative=0x00000000000000b4
Event: 0.251 Thread 0x0000029f0e6653c0 Uncommon trap: reason=unstable_if action=reinterpret pc=0x0000029f206170d4 method=jdk.internal.util.xml.impl.Parser.bappend(CC)V @ 1 c2
Event: 0.251 Thread 0x0000029f0e6653c0 DEOPT PACKING pc=0x0000029f206170d4 sp=0x000000e4a64fcec0
Event: 0.251 Thread 0x0000029f0e6653c0 DEOPT UNPACKING pc=0x0000029f20164102 sp=0x000000e4a64fce48 mode 2
Event: 0.251 Thread 0x0000029f0e6653c0 Uncommon trap: trap_request=0xffffff4d fr.pc=0x0000029f20616d60 relative=0x0000000000000060
Event: 0.251 Thread 0x0000029f0e6653c0 Uncommon trap: reason=unstable_if action=reinterpret pc=0x0000029f20616d60 method=jdk.internal.util.xml.impl.Parser.ensureCapacity(I)V @ 40 c2
Event: 0.251 Thread 0x0000029f0e6653c0 DEOPT PACKING pc=0x0000029f20616d60 sp=0x000000e4a64fcec0
Event: 0.251 Thread 0x0000029f0e6653c0 DEOPT UNPACKING pc=0x0000029f20164102 sp=0x000000e4a64fce38 mode 2
Event: 0.256 Thread 0x0000029f0e6653c0 DEOPT PACKING pc=0x0000029f18beb999 sp=0x000000e4a64fcc50
Event: 0.256 Thread 0x0000029f0e6653c0 DEOPT UNPACKING pc=0x0000029f200a5722 sp=0x000000e4a64fc0f0 mode 0
Event: 0.257 Thread 0x0000029f0e6653c0 DEOPT PACKING pc=0x0000029f18beb999 sp=0x000000e4a64fccc0
Event: 0.257 Thread 0x0000029f0e6653c0 DEOPT UNPACKING pc=0x0000029f200a5722 sp=0x000000e4a64fc160 mode 0

Classes loaded (20 events):
Event: 0.274 Loading class sun/nio/ch/FileChannelImpl$1
Event: 0.274 Loading class sun/nio/ch/FileChannelImpl$1 done
Event: 0.274 Loading class sun/nio/ch/FileChannelImpl$2
Event: 0.274 Loading class sun/nio/ch/FileChannelImpl$2 done
Event: 0.275 Loading class java/lang/management/BufferPoolMXBean
Event: 0.275 Loading class java/lang/management/BufferPoolMXBean done
Event: 0.277 Loading class sun/management/ManagementFactoryHelper$1
Event: 0.277 Loading class sun/management/ManagementFactoryHelper$1 done
Event: 0.278 Loading class jdk/management/jfr/SettingDescriptorInfo
Event: 0.279 Loading class jdk/management/jfr/SettingDescriptorInfo done
Event: 0.279 Loading class jdk/management/jfr/SettingDescriptorInfo$1
Event: 0.279 Loading class jdk/management/jfr/SettingDescriptorInfo$1 done
Event: 0.279 Loading class jdk/management/jfr/FlightRecorderMXBeanImpl
Event: 0.279 Loading class jdk/management/jfr/FlightRecorderMXBeanImpl done
Event: 0.279 Loading class javax/management/AttributeChangeNotification
Event: 0.279 Loading class javax/management/AttributeChangeNotification done
Event: 0.279 Loading class java/lang/IllegalStateException
Event: 0.279 Loading class java/lang/IllegalStateException done
Event: 0.279 Loading class sun/reflect/generics/tree/LongSignature
Event: 0.279 Loading class sun/reflect/generics/tree/LongSignature done

Classes unloaded (0 events):
No events

Classes redefined (0 events):
No events

Internal exceptions (10 events):
Event: 0.111 Thread 0x0000029f0e6653c0 Exception <a 'java/lang/NoSuchMethodError'{0x0000000711ade828}: 'void java.lang.invoke.DirectMethodHandle$Holder.invokeStatic(java.lang.Object, java.lang.Object, java.lang.Object)'> (0x0000000711ade828) 
thrown [s\open\src\hotspot\share\interpreter\linkResolver.cpp, line 805]
Event: 0.115 Thread 0x0000029f0e6653c0 Exception <a 'java/lang/NoSuchMethodError'{0x0000000711809800}: 'java.lang.Object java.lang.invoke.Invokers$Holder.invokeExact_MT(java.lang.Object, java.lang.Object, java.lang.Object, java.lang.Object, java.lang.Object)'> (0x0000000711809800) 
thrown [s\open\src\hotspot\share\interpreter\linkResolver.cpp, line 805]
Event: 0.122 Thread 0x0000029f306f9a30 Exception <a 'java/lang/NoSuchMethodError'{0x00000007118fb238}: 'java.lang.Object java.lang.invoke.DirectMethodHandle$Holder.invokeStaticInit(java.lang.Object)'> (0x00000007118fb238) 
thrown [s\open\src\hotspot\share\interpreter\linkResolver.cpp, line 805]
Event: 0.126 Thread 0x0000029f306f9a30 Exception <a 'java/lang/NoSuchMethodError'{0x0000000711905e40}: 'void java.lang.invoke.DirectMethodHandle$Holder.invokeStatic(java.lang.Object, java.lang.Object)'> (0x0000000711905e40) 
thrown [s\open\src\hotspot\share\interpreter\linkResolver.cpp, line 805]
Event: 0.130 Thread 0x0000029f0e6653c0 Exception <a 'java/lang/NoSuchMethodError'{0x000000071183ca40}: 'void java.lang.invoke.DirectMethodHandle$Holder.invokeStaticInit(java.lang.Object)'> (0x000000071183ca40) 
thrown [s\open\src\hotspot\share\interpreter\linkResolver.cpp, line 805]
Event: 0.147 Thread 0x0000029f0e6653c0 Exception <a 'java/lang/NoSuchMethodError'{0x00000007118617e0}: 'int java.lang.invoke.DirectMethodHandle$Holder.invokeInterface(java.lang.Object, java.lang.Object)'> (0x00000007118617e0) 
thrown [s\open\src\hotspot\share\interpreter\linkResolver.cpp, line 805]
Event: 0.148 Thread 0x0000029f0e6653c0 Exception <a 'java/lang/IncompatibleClassChangeError'{0x0000000711869460}: Found class java.lang.Object, but interface was expected> (0x0000000711869460) 
thrown [s\open\src\hotspot\share\interpreter\linkResolver.cpp, line 872]
Event: 0.175 Thread 0x0000029f0e6653c0 Exception <a 'java/lang/NoSuchMethodError'{0x000000071170dd80}: 'void java.lang.invoke.DirectMethodHandle$Holder.invokeSpecial(java.lang.Object, java.lang.Object, java.lang.Object)'> (0x000000071170dd80) 
thrown [s\open\src\hotspot\share\interpreter\linkResolver.cpp, line 805]
Event: 0.185 Thread 0x0000029f0e6653c0 Exception <a 'java/lang/NoSuchMethodError'{0x00000007117730d0}: 'int java.lang.invoke.DirectMethodHandle$Holder.invokeSpecial(java.lang.Object, java.lang.Object, java.lang.Object)'> (0x00000007117730d0) 
thrown [s\open\src\hotspot\share\interpreter\linkResolver.cpp, line 805]
Event: 0.214 Thread 0x0000029f0e6653c0 Exception <a 'java/lang/NoSuchMethodError'{0x00000007114f2a90}: 'java.lang.Object java.lang.invoke.DirectMethodHandle$Holder.invokeStaticInit(java.lang.Object, java.lang.Object, java.lang.Object)'> (0x00000007114f2a90) 
thrown [s\open\src\hotspot\share\interpreter\linkResolver.cpp, line 805]

VM Operations (4 events):
Event: 0.058 Executing VM operation: HandshakeAllThreads (Deoptimize)
Event: 0.058 Executing VM operation: HandshakeAllThreads (Deoptimize) done
Event: 0.148 Executing VM operation: HandshakeAllThreads (Deoptimize)
Event: 0.149 Executing VM operation: HandshakeAllThreads (Deoptimize) done

Memory protections (0 events):
No events

Nmethod flushes (0 events):
No events

Events (13 events):
Event: 0.021 Thread 0x0000029f0e6653c0 Thread added: 0x0000029f0e6653c0
Event: 0.030 Thread 0x0000029f0e6653c0 Thread added: 0x0000029f2fbb83f0
Event: 0.031 Thread 0x0000029f0e6653c0 Thread added: 0x0000029f2fbb8d30
Event: 0.031 Thread 0x0000029f0e6653c0 Thread added: 0x0000029f2fbbf260
Event: 0.031 Thread 0x0000029f0e6653c0 Thread added: 0x0000029f2fbc0340
Event: 0.031 Thread 0x0000029f0e6653c0 Thread added: 0x0000029f2fbc1280
Event: 0.031 Thread 0x0000029f0e6653c0 Thread added: 0x0000029f2fbc3560
Event: 0.031 Thread 0x0000029f0e6653c0 Thread added: 0x0000029f304683c0
Event: 0.031 Thread 0x0000029f0e6653c0 Thread added: 0x0000029f304896f0
Event: 0.076 Thread 0x0000029f0e6653c0 Thread added: 0x0000029f306911b0
Event: 0.086 Thread 0x0000029f304896f0 Thread added: 0x0000029f30675fb0
Event: 0.117 Thread 0x0000029f0e6653c0 Thread added: 0x0000029f306f9a30
Event: 0.117 Thread 0x0000029f0e6653c0 Thread added: 0x0000029f3070a7c0


Dynamic libraries:
0x00007ff73dcf0000 - 0x00007ff73dd00000 	C:\Program Files\Java\jdk-24\bin\java.exe
0x00007ff873040000 - 0x00007ff8732a0000 	C:\WINDOWS\SYSTEM32\ntdll.dll
0x00007ff872ce0000 - 0x00007ff872da7000 	C:\WINDOWS\System32\KERNEL32.DLL
0x00007ff870370000 - 0x00007ff87073a000 	C:\WINDOWS\System32\KERNELBASE.dll
0x00007ff870740000 - 0x00007ff87088b000 	C:\WINDOWS\System32\ucrtbase.dll
0x00007ff85dc50000 - 0x00007ff85dc6b000 	C:\Program Files\Java\jdk-24\bin\VCRUNTIME140.dll
0x00007ff859dc0000 - 0x00007ff859dd6000 	C:\Program Files\Java\jdk-24\bin\jli.dll
0x00007ff872070000 - 0x00007ff87223c000 	C:\WINDOWS\System32\USER32.dll
0x00007ff85d8d0000 - 0x00007ff85db67000 	C:\WINDOWS\WinSxS\amd64_microsoft.windows.common-controls_6595b64144ccf1df_6.0.26100.3624_none_3e086962e3345f24\COMCTL32.dll
0x00007ff870b80000 - 0x00007ff870ba7000 	C:\WINDOWS\System32\win32u.dll
0x00007ff871ed0000 - 0x00007ff871f79000 	C:\WINDOWS\System32\msvcrt.dll
0x00007ff872300000 - 0x00007ff87232a000 	C:\WINDOWS\System32\GDI32.dll
0x00007ff870c40000 - 0x00007ff870d71000 	C:\WINDOWS\System32\gdi32full.dll
0x00007ff8702c0000 - 0x00007ff870363000 	C:\WINDOWS\System32\msvcp_win.dll
0x00007ff872e30000 - 0x00007ff872e5f000 	C:\WINDOWS\System32\IMM32.DLL
0x00007ff863e30000 - 0x00007ff863e3c000 	C:\Program Files\Java\jdk-24\bin\vcruntime140_1.dll
0x00007ff846600000 - 0x00007ff84668e000 	C:\Program Files\Java\jdk-24\bin\msvcp140.dll
0x00007fffc4fe0000 - 0x00007fffc5d81000 	C:\Program Files\Java\jdk-24\bin\server\jvm.dll
0x00007ff872240000 - 0x00007ff8722f2000 	C:\WINDOWS\System32\ADVAPI32.dll
0x00007ff8715f0000 - 0x00007ff871696000 	C:\WINDOWS\System32\sechost.dll
0x00007ff871380000 - 0x00007ff871496000 	C:\WINDOWS\System32\RPCRT4.dll
0x00007ff8714a0000 - 0x00007ff871514000 	C:\WINDOWS\System32\WS2_32.dll
0x00007ff870090000 - 0x00007ff8700ee000 	C:\WINDOWS\SYSTEM32\POWRPROF.dll
0x00007ff860ab0000 - 0x00007ff860abb000 	C:\WINDOWS\SYSTEM32\VERSION.dll
0x00007ff863a60000 - 0x00007ff863a96000 	C:\WINDOWS\SYSTEM32\WINMM.dll
0x00007ff870070000 - 0x00007ff870084000 	C:\WINDOWS\SYSTEM32\UMPDC.dll
0x00007ff86f030000 - 0x00007ff86f04a000 	C:\WINDOWS\SYSTEM32\kernel.appcore.dll
0x00007ff8606e0000 - 0x00007ff8606ea000 	C:\Program Files\Java\jdk-24\bin\jimage.dll
0x00007ff8696e0000 - 0x00007ff869921000 	C:\WINDOWS\SYSTEM32\DBGHELP.DLL
0x00007ff872930000 - 0x00007ff872cb2000 	C:\WINDOWS\System32\combase.dll
0x00007ff872640000 - 0x00007ff872716000 	C:\WINDOWS\System32\OLEAUT32.dll
0x00007ff802730000 - 0x00007ff802769000 	C:\WINDOWS\SYSTEM32\dbgcore.DLL
0x00007ff870220000 - 0x00007ff8702b9000 	C:\WINDOWS\System32\bcryptPrimitives.dll
0x00007ff85dc40000 - 0x00007ff85dc4f000 	C:\Program Files\Java\jdk-24\bin\instrument.dll
0x00007ff8522f0000 - 0x00007ff85230e000 	C:\Program Files\Java\jdk-24\bin\java.dll
0x00007ff872340000 - 0x00007ff8724d6000 	C:\WINDOWS\System32\ole32.dll
0x00007ff8717a0000 - 0x00007ff871ec9000 	C:\WINDOWS\System32\SHELL32.dll
0x00007ff870a10000 - 0x00007ff870b78000 	C:\WINDOWS\System32\wintypes.dll
0x00007ff86df00000 - 0x00007ff86e752000 	C:\WINDOWS\SYSTEM32\windows.storage.dll
0x00007ff871f80000 - 0x00007ff87206d000 	C:\WINDOWS\System32\SHCORE.dll
0x00007ff871580000 - 0x00007ff8715e4000 	C:\WINDOWS\System32\shlwapi.dll
0x00007ff870130000 - 0x00007ff87015f000 	C:\WINDOWS\SYSTEM32\profapi.dll
0x00007ff8361c0000 - 0x00007ff836297000 	C:\Program Files\Java\jdk-24\bin\jsvml.dll
0x00007ff851910000 - 0x00007ff851927000 	C:\Program Files\Java\jdk-24\bin\zip.dll
0x00007ff85c9d0000 - 0x00007ff85c9e0000 	C:\Program Files\Java\jdk-24\bin\net.dll
0x00007ff86f550000 - 0x00007ff86f5ba000 	C:\WINDOWS\system32\mswsock.dll
0x00007ff8519e0000 - 0x00007ff8519f6000 	C:\Program Files\Java\jdk-24\bin\nio.dll
0x00007ff859e00000 - 0x00007ff859e09000 	C:\Program Files\Java\jdk-24\bin\extnet.dll
0x00007ff856120000 - 0x00007ff85612a000 	C:\Program Files\Java\jdk-24\bin\management.dll
0x00007ff853ad0000 - 0x00007ff853adb000 	C:\Program Files\Java\jdk-24\bin\management_ext.dll
0x00007ff872f40000 - 0x00007ff872f48000 	C:\WINDOWS\System32\PSAPI.DLL
0x00007ff86eaf0000 - 0x00007ff86ec15000 	C:\WINDOWS\SYSTEM32\DNSAPI.dll
0x00007ff86ea60000 - 0x00007ff86ea93000 	C:\WINDOWS\SYSTEM32\IPHLPAPI.DLL
0x00007ff872330000 - 0x00007ff87233a000 	C:\WINDOWS\System32\NSI.dll
0x000000006a190000 - 0x000000006a1b6000 	C:\Program Files\Bonjour\mdnsNSP.dll
0x00007ff862d00000 - 0x00007ff862d0b000 	C:\Windows\System32\rasadhlp.dll
0x00007ff867310000 - 0x00007ff867395000 	C:\WINDOWS\System32\fwpuclnt.dll
0x00007ff86f800000 - 0x00007ff86f81c000 	C:\WINDOWS\SYSTEM32\CRYPTSP.dll
0x00007ff86ef90000 - 0x00007ff86efca000 	C:\WINDOWS\system32\rsaenh.dll
0x00007ff86f5f0000 - 0x00007ff86f61b000 	C:\WINDOWS\SYSTEM32\USERENV.dll
0x00007ff870100000 - 0x00007ff870126000 	C:\WINDOWS\SYSTEM32\bcrypt.dll
0x00007ff86f7f0000 - 0x00007ff86f7fc000 	C:\WINDOWS\SYSTEM32\CRYPTBASE.dll

JVMTI agents:
C:\Program Files\JetBrains\IntelliJ IDEA 2025.1.4.1\lib\idea_rt.jar path:C:\Program Files\Java\jdk-24\bin\instrument.dll, loaded, initialized, instrumentlib options:54184

dbghelp: loaded successfully - version: 4.0.5 - missing functions: none
symbol engine: initialized successfully - sym options: 0x614 - pdb path: .;C:\Program Files\Java\jdk-24\bin;C:\WINDOWS\SYSTEM32;C:\WINDOWS\WinSxS\amd64_microsoft.windows.common-controls_6595b64144ccf1df_6.0.26100.3624_none_3e086962e3345f24;C:\Program Files\Java\jdk-24\bin\server;C:\Program Files\Bonjour

VM Arguments:
jvm_args: -javaagent:C:\Program Files\JetBrains\IntelliJ IDEA 2025.1.4.1\lib\idea_rt.jar=54184 -Dfile.encoding=UTF-8 -Dsun.stdout.encoding=UTF-8 -Dsun.stderr.encoding=UTF-8 
java_command: AccesoADatos.ServicioCliente
java_class_path (initial): C:\Users\Danny\Documents\Trabajos UNA\Progra #3\Proyecto #1\Proyecto1\target\classes;C:\Users\Danny\.m2\repository\com\oracle\database\jdbc\ojdbc8\19.18.0.0\ojdbc8-19.18.0.0.jar;C:\Users\Danny\.m2\repository\com\oracle\database\jdbc\ucp\19.18.0.0\ucp-19.18.0.0.jar;C:\Users\Danny\.m2\repository\com\oracle\database\security\oraclepki\19.18.0.0\oraclepki-19.18.0.0.jar;C:\Users\Danny\.m2\repository\com\oracle\database\security\osdt_core\19.18.0.0\osdt_core-19.18.0.0.jar;C:\Users\Danny\.m2\repository\com\oracle\database\security\osdt_cert\19.18.0.0\osdt_cert-19.18.0.0.jar;C:\Users\Danny\.m2\repository\com\oracle\database\ha\simplefan\19.18.0.0\simplefan-19.18.0.0.jar;C:\Users\Danny\.m2\repository\com\oracle\database\ha\ons\19.18.0.0\ons-19.18.0.0.jar;C:\Users\Danny\.m2\repository\com\oracle\database\nls\orai18n\19.18.0.0\orai18n-19.18.0.0.jar;C:\Users\Danny\.m2\repository\com\oracle\database\xml\xdb\19.18.0.0\xdb-19.18.0.0.jar;C:\Users\Danny\.m2\repository\com\oracle\database\xml\xmlparserv2\19.18.0.0\xmlparserv2-19.18.0.0.jar
Launcher Type: SUN_STANDARD

[Global flags]
     intx CICompilerCount                          = 4                                         {product} {ergonomic}
     uint ConcGCThreads                            = 3                                         {product} {ergonomic}
     uint G1ConcRefinementThreads                  = 10                                        {product} {ergonomic}
   size_t G1HeapRegionSize                         = 2097152                                   {product} {ergonomic}
   size_t InitialHeapSize                          = 266338304                                 {product} {ergonomic}
   size_t MarkStackSize                            = 4194304                                   {product} {ergonomic}
   size_t MarkStackSizeMax                         = 536870912                                 {product} {ergonomic}
   size_t MaxHeapSize                              = 4261412864                                {product} {ergonomic}
   size_t MaxNewSize                               = 2556428288                                {product} {ergonomic}
   size_t MinHeapDeltaBytes                        = 2097152                                   {product} {ergonomic}
   size_t MinHeapSize                              = 8388608                                   {product} {ergonomic}
    uintx NonNMethodCodeHeapSize                   = 5832704                                {pd product} {ergonomic}
    uintx NonProfiledCodeHeapSize                  = 122945536                              {pd product} {ergonomic}
    uintx ProfiledCodeHeapSize                     = 122880000                              {pd product} {ergonomic}
    uintx ReservedCodeCacheSize                    = 251658240                              {pd product} {ergonomic}
     bool SegmentedCodeCache                       = true                                      {product} {ergonomic}
   size_t SoftMaxHeapSize                          = 4261412864                             {manageable} {ergonomic}
     bool UseCompressedOops                        = true                           {product lp64_product} {ergonomic}
     bool UseG1GC                                  = true                                      {product} {ergonomic}
     bool UseLargePagesIndividualAllocation        = false                                  {pd product} {ergonomic}

Logging:
Log output configuration:
 #0: stdout all=warning uptime,level,tags foldmultilines=false
 #1: stderr all=off uptime,level,tags foldmultilines=false

Environment Variables:
PATH=C:\oraclexe\app\oracle\product\11.2.0\server\bin;;C:\Program Files\Common Files\Oracle\Java\javapath;C:\Program Files (x86)\Common Files\Oracle\Java\java8path;C:\Program Files (x86)\Common Files\Oracle\Java\javapath;C:\Program Files (x86)\NVIDIA Corporation\PhysX\Common;C:\WINDOWS\system32;C:\WINDOWS;C:\WINDOWS\System32\Wbem;C:\WINDOWS\System32\WindowsPowerShell\v1.0\;C:\WINDOWS\System32\OpenSSH\;C:\Program Files (x86)\Windows Kits\10\Windows Performance Toolkit\;C:\Program Files\Git\cmd;C:\Users\Danny\AppData\Local\Microsoft\WindowsApps;C:\Users\Danny\AppData\Local\Programs\Microsoft VS Code\bin;C:\Users\Danny\AppData\Local\JetBrains\Toolbox\scripts;
USERNAME=Danny
OS=Windows_NT
PROCESSOR_IDENTIFIER=AMD64 Family 23 Model 96 Stepping 1, AuthenticAMD
TMP=C:\Users\Danny\AppData\Local\Temp
TEMP=C:\Users\Danny\AppData\Local\Temp




Periodic native trim disabled

---------------  S Y S T E M  ---------------

OS:
 Windows 11 , 64 bit Build 26100 (10.0.26100.3775)
OS uptime: 0 days 13:41 hours

CPU: total 12 (initial active 12) (12 cores per cpu, 2 threads per core) family 23 model 96 stepping 1 microcode 0x860010d, cx8, cmov, fxsr, ht, mmx, 3dnowpref, sse, sse2, sse3, ssse3, sse4a, sse4.1, sse4.2, popcnt, lzcnt, tsc, tscinvbit, avx, avx2, aes, clmul, bmi1, bmi2, adx, sha, fma, vzeroupper, clflush, clflushopt, rdtscp, rdpid, f16c
Processor Information for the first 12 processors :
  Max Mhz: 3701, Current Mhz: 3701, Mhz Limit: 3701

Memory: 4k page, system-wide physical 16251M (1944M free)
TotalPageFile size 24443M (AvailPageFile size 35M)
current process WorkingSet (physical memory assigned to process): 72M, peak: 72M
current process commit charge ("private bytes"): 362M, peak: 364M

vm_info: Java HotSpot(TM) 64-Bit Server VM (24.0.2+12-54) for windows-amd64 JRE (24.0.2+12-54), built on 2025-07-08T12:10:27Z with MS VC++ 17.6 (VS2022)

END.
